0 verbose cli /Users/kai/.nvm/versions/node/v20.19.1/bin/node /Users/kai/.nvm/versions/node/v20.19.1/bin/npm
1 info using npm@10.8.2
2 info using node@v20.19.1
3 silly config load:file:/Users/kai/.nvm/versions/node/v20.19.1/lib/node_modules/npm/npmrc
4 silly config load:file:/Users/kai/KAA/my_profile/frontend/.npmrc
5 silly config load:file:/Users/kai/.npmrc
6 silly config load:file:/Users/kai/.nvm/versions/node/v20.19.1/etc/npmrc
7 verbose title npm install @tanstack/react-query @tanstack/react-query-devtools zustand react-hook-form @hookform/resolvers zod axios sonner
8 verbose argv "install" "--cache" ".npm-cache" "@tanstack/react-query" "@tanstack/react-query-devtools" "zustand" "react-hook-form" "@hookform/resolvers" "zod" "axios" "sonner"
9 verbose logfile logs-max:10 dir:/Users/kai/KAA/my_profile/frontend/.npm-cache/_logs/2026-01-08T14_50_25_730Z-
10 verbose logfile /Users/kai/KAA/my_profile/frontend/.npm-cache/_logs/2026-01-08T14_50_25_730Z-debug-0.log
11 silly packumentCache heap:4345298944 maxSize:1086324736 maxEntrySize:543162368
12 silly logfile done cleaning log files
13 silly idealTree buildDeps
14 silly fetch manifest @tanstack/react-query@*
15 silly packumentCache full:https://registry.npmjs.org/@tanstack%2freact-query cache-miss
16 http fetch GET 200 https://registry.npmjs.org/@tanstack%2freact-query 248ms (cache miss)
17 silly packumentCache full:https://registry.npmjs.org/@tanstack%2freact-query set size:undefined disposed:false
18 silly fetch manifest react@^19.2.3
19 silly packumentCache full:https://registry.npmjs.org/react cache-miss
20 http fetch GET 200 https://registry.npmjs.org/react 14ms (cache hit)
21 silly packumentCache full:https://registry.npmjs.org/react set size:6366570 disposed:false
22 silly fetch manifest @tanstack/react-query-devtools@*
23 silly packumentCache full:https://registry.npmjs.org/@tanstack%2freact-query-devtools cache-miss
24 http fetch GET 200 https://registry.npmjs.org/@tanstack%2freact-query-devtools 1151ms (cache miss)
25 silly packumentCache full:https://registry.npmjs.org/@tanstack%2freact-query-devtools set size:undefined disposed:false
26 silly fetch manifest zustand@*
27 silly packumentCache full:https://registry.npmjs.org/zustand cache-miss
28 http fetch GET 200 https://registry.npmjs.org/zustand 63ms (cache miss)
29 silly packumentCache full:https://registry.npmjs.org/zustand set size:undefined disposed:false
30 silly fetch manifest @types/react@^19.2.7
31 silly packumentCache full:https://registry.npmjs.org/@types%2freact cache-miss
32 http fetch GET 200 https://registry.npmjs.org/@types%2freact 12ms (cache hit)
33 silly packumentCache full:https://registry.npmjs.org/@types%2freact set size:2541992 disposed:false
34 silly fetch manifest immer@>=9.0.6
35 silly packumentCache full:https://registry.npmjs.org/immer cache-miss
36 http fetch GET 200 https://registry.npmjs.org/immer 65ms (cache miss)
37 silly packumentCache full:https://registry.npmjs.org/immer set size:undefined disposed:false
38 silly fetch manifest use-sync-external-store@>=1.2.0
39 silly packumentCache full:https://registry.npmjs.org/use-sync-external-store cache-miss
40 http fetch GET 200 https://registry.npmjs.org/use-sync-external-store 9ms (cache hit)
41 silly packumentCache full:https://registry.npmjs.org/use-sync-external-store set size:4373429 disposed:false
42 silly fetch manifest react-hook-form@*
43 silly packumentCache full:https://registry.npmjs.org/react-hook-form cache-miss
44 http fetch GET 200 https://registry.npmjs.org/react-hook-form 262ms (cache miss)
45 silly packumentCache full:https://registry.npmjs.org/react-hook-form set size:undefined disposed:false
46 silly fetch manifest @hookform/resolvers@*
47 silly packumentCache full:https://registry.npmjs.org/@hookform%2fresolvers cache-miss
48 http fetch GET 200 https://registry.npmjs.org/@hookform%2fresolvers 146ms (cache miss)
49 silly packumentCache full:https://registry.npmjs.org/@hookform%2fresolvers set size:undefined disposed:false
50 silly fetch manifest zod@*
51 silly packumentCache full:https://registry.npmjs.org/zod cache-miss
52 http fetch GET 200 https://registry.npmjs.org/zod 263ms (cache miss)
53 silly packumentCache full:https://registry.npmjs.org/zod set size:undefined disposed:false
54 silly fetch manifest axios@*
55 silly packumentCache full:https://registry.npmjs.org/axios cache-miss
56 http fetch GET 200 https://registry.npmjs.org/axios 76ms (cache miss)
57 silly packumentCache full:https://registry.npmjs.org/axios set size:undefined disposed:false
58 silly fetch manifest sonner@*
59 silly packumentCache full:https://registry.npmjs.org/sonner cache-miss
60 http fetch GET 200 https://registry.npmjs.org/sonner 73ms (cache miss)
61 silly packumentCache full:https://registry.npmjs.org/sonner set size:undefined disposed:false
62 silly fetch manifest react-dom@^19.2.3
63 silly packumentCache full:https://registry.npmjs.org/react-dom cache-miss
64 http fetch GET 200 https://registry.npmjs.org/react-dom 15ms (cache hit)
65 silly packumentCache full:https://registry.npmjs.org/react-dom set size:8382055 disposed:false
66 silly placeDep ROOT @hookform/resolvers@5.2.2 OK for: frontend@1.0.0 want: *
67 silly placeDep ROOT react-hook-form@7.70.0 OK for: @hookform/resolvers@5.2.2 want: ^7.55.0
68 silly placeDep ROOT @tanstack/react-query@5.90.16 OK for: frontend@1.0.0 want: *
69 silly placeDep ROOT @tanstack/react-query-devtools@5.91.2 OK for: frontend@1.0.0 want: *
70 silly placeDep ROOT axios@1.13.2 OK for: frontend@1.0.0 want: *
71 silly placeDep ROOT react-hook-form@7.70.0 REPLACE for: frontend@1.0.0 want: *
72 silly placeDep ROOT sonner@2.0.7 OK for: frontend@1.0.0 want: *
73 silly placeDep ROOT zod@4.3.5 OK for: frontend@1.0.0 want: *
74 silly placeDep ROOT zustand@5.0.9 OK for: frontend@1.0.0 want: *
75 silly fetch manifest @standard-schema/utils@^0.3.0
76 silly packumentCache full:https://registry.npmjs.org/@standard-schema%2futils cache-miss
77 silly fetch manifest @tanstack/query-core@5.90.16
78 silly packumentCache full:https://registry.npmjs.org/@tanstack%2fquery-core cache-miss
79 silly fetch manifest @tanstack/query-devtools@5.92.0
80 silly packumentCache full:https://registry.npmjs.org/@tanstack%2fquery-devtools cache-miss
81 silly fetch manifest follow-redirects@^1.15.6
82 silly packumentCache full:https://registry.npmjs.org/follow-redirects cache-miss
83 silly fetch manifest form-data@^4.0.4
84 silly packumentCache full:https://registry.npmjs.org/form-data cache-miss
85 silly fetch manifest proxy-from-env@^1.1.0
86 silly packumentCache full:https://registry.npmjs.org/proxy-from-env cache-miss
87 http fetch GET 200 https://registry.npmjs.org/@standard-schema%2futils 106ms (cache miss)
88 silly packumentCache full:https://registry.npmjs.org/@standard-schema%2futils set size:undefined disposed:false
89 http fetch GET 200 https://registry.npmjs.org/follow-redirects 120ms (cache miss)
90 silly packumentCache full:https://registry.npmjs.org/follow-redirects set size:undefined disposed:false
91 http fetch GET 200 https://registry.npmjs.org/form-data 145ms (cache miss)
92 silly packumentCache full:https://registry.npmjs.org/form-data set size:undefined disposed:false
93 http fetch GET 200 https://registry.npmjs.org/proxy-from-env 162ms (cache miss)
94 silly packumentCache full:https://registry.npmjs.org/proxy-from-env set size:undefined disposed:false
95 http fetch GET 200 https://registry.npmjs.org/@tanstack%2fquery-core 318ms (cache miss)
96 silly packumentCache full:https://registry.npmjs.org/@tanstack%2fquery-core set size:undefined disposed:false
97 http fetch GET 200 https://registry.npmjs.org/@tanstack%2fquery-devtools 1023ms (cache miss)
98 silly packumentCache full:https://registry.npmjs.org/@tanstack%2fquery-devtools set size:undefined disposed:false
99 silly placeDep ROOT @standard-schema/utils@0.3.0 OK for: @hookform/resolvers@5.2.2 want: ^0.3.0
100 silly placeDep ROOT @tanstack/query-core@5.90.16 OK for: @tanstack/react-query@5.90.16 want: 5.90.16
101 silly placeDep ROOT @tanstack/query-devtools@5.92.0 OK for: @tanstack/react-query-devtools@5.91.2 want: 5.92.0
102 silly placeDep ROOT follow-redirects@1.15.11 OK for: axios@1.13.2 want: ^1.15.6
103 silly placeDep ROOT form-data@4.0.5 OK for: axios@1.13.2 want: ^4.0.4
104 silly placeDep ROOT proxy-from-env@1.1.0 OK for: axios@1.13.2 want: ^1.1.0
105 silly fetch manifest asynckit@^0.4.0
106 silly packumentCache full:https://registry.npmjs.org/asynckit cache-miss
107 silly fetch manifest combined-stream@^1.0.8
108 silly packumentCache full:https://registry.npmjs.org/combined-stream cache-miss
109 silly fetch manifest es-set-tostringtag@^2.1.0
110 silly packumentCache full:https://registry.npmjs.org/es-set-tostringtag cache-miss
111 silly fetch manifest hasown@^2.0.2
112 silly packumentCache full:https://registry.npmjs.org/hasown cache-miss
113 silly fetch manifest mime-types@^2.1.12
114 silly packumentCache full:https://registry.npmjs.org/mime-types cache-miss
115 http fetch GET 200 https://registry.npmjs.org/combined-stream 54ms (cache miss)
116 silly packumentCache full:https://registry.npmjs.org/combined-stream set size:undefined disposed:false
117 http fetch GET 200 https://registry.npmjs.org/asynckit 60ms (cache miss)
118 silly packumentCache full:https://registry.npmjs.org/asynckit set size:undefined disposed:false
119 http fetch GET 200 https://registry.npmjs.org/es-set-tostringtag 70ms (cache miss)
120 silly packumentCache full:https://registry.npmjs.org/es-set-tostringtag set size:undefined disposed:false
121 http fetch GET 200 https://registry.npmjs.org/hasown 76ms (cache miss)
122 silly packumentCache full:https://registry.npmjs.org/hasown set size:undefined disposed:false
123 http fetch GET 200 https://registry.npmjs.org/mime-types 90ms (cache miss)
124 silly packumentCache full:https://registry.npmjs.org/mime-types set size:undefined disposed:false
125 silly placeDep ROOT asynckit@0.4.0 OK for: form-data@4.0.5 want: ^0.4.0
126 silly placeDep ROOT combined-stream@1.0.8 OK for: form-data@4.0.5 want: ^1.0.8
127 silly placeDep ROOT es-set-tostringtag@2.1.0 OK for: form-data@4.0.5 want: ^2.1.0
128 silly placeDep ROOT hasown@2.0.2 OK for: form-data@4.0.5 want: ^2.0.2
129 silly placeDep ROOT mime-types@2.1.35 OK for: form-data@4.0.5 want: ^2.1.12
130 silly fetch manifest delayed-stream@~1.0.0
131 silly packumentCache full:https://registry.npmjs.org/delayed-stream cache-miss
132 silly fetch manifest es-errors@^1.3.0
133 silly packumentCache full:https://registry.npmjs.org/es-errors cache-miss
134 silly fetch manifest get-intrinsic@^1.2.6
135 silly packumentCache full:https://registry.npmjs.org/get-intrinsic cache-miss
136 silly fetch manifest has-tostringtag@^1.0.2
137 silly packumentCache full:https://registry.npmjs.org/has-tostringtag cache-miss
138 silly fetch manifest function-bind@^1.1.2
139 silly packumentCache full:https://registry.npmjs.org/function-bind cache-miss
140 silly fetch manifest mime-db@1.52.0
141 silly packumentCache full:https://registry.npmjs.org/mime-db cache-miss
142 http fetch GET 200 https://registry.npmjs.org/delayed-stream 64ms (cache miss)
143 silly packumentCache full:https://registry.npmjs.org/delayed-stream set size:undefined disposed:false
144 http fetch GET 200 https://registry.npmjs.org/mime-db 78ms (cache miss)
145 silly packumentCache full:https://registry.npmjs.org/mime-db set size:undefined disposed:false
146 http fetch GET 200 https://registry.npmjs.org/has-tostringtag 95ms (cache miss)
147 silly packumentCache full:https://registry.npmjs.org/has-tostringtag set size:undefined disposed:false
148 http fetch GET 200 https://registry.npmjs.org/get-intrinsic 130ms (cache miss)
149 silly packumentCache full:https://registry.npmjs.org/get-intrinsic set size:undefined disposed:false
150 http fetch GET 200 https://registry.npmjs.org/es-errors 188ms (cache miss)
151 silly packumentCache full:https://registry.npmjs.org/es-errors set size:undefined disposed:false
152 http fetch GET 200 https://registry.npmjs.org/function-bind 187ms (cache miss)
153 silly packumentCache full:https://registry.npmjs.org/function-bind set size:undefined disposed:false
154 silly placeDep ROOT delayed-stream@1.0.0 OK for: combined-stream@1.0.8 want: ~1.0.0
155 silly placeDep ROOT es-errors@1.3.0 OK for: es-set-tostringtag@2.1.0 want: ^1.3.0
156 silly placeDep ROOT get-intrinsic@1.3.0 OK for: es-set-tostringtag@2.1.0 want: ^1.2.6
157 silly placeDep ROOT has-tostringtag@1.0.2 OK for: es-set-tostringtag@2.1.0 want: ^1.0.2
158 silly fetch manifest gopd@^1.2.0
159 silly packumentCache full:https://registry.npmjs.org/gopd cache-miss
160 silly fetch manifest get-proto@^1.0.1
161 silly packumentCache full:https://registry.npmjs.org/get-proto cache-miss
162 silly fetch manifest has-symbols@^1.1.0
163 silly packumentCache full:https://registry.npmjs.org/has-symbols cache-miss
164 silly fetch manifest es-object-atoms@^1.1.1
165 silly packumentCache full:https://registry.npmjs.org/es-object-atoms cache-miss
166 silly fetch manifest math-intrinsics@^1.1.0
167 silly packumentCache full:https://registry.npmjs.org/math-intrinsics cache-miss
168 silly fetch manifest es-define-property@^1.0.1
169 silly packumentCache full:https://registry.npmjs.org/es-define-property cache-miss
170 silly fetch manifest call-bind-apply-helpers@^1.0.2
171 silly packumentCache full:https://registry.npmjs.org/call-bind-apply-helpers cache-miss
172 silly fetch manifest has-symbols@^1.0.3
173 silly packumentCache full:https://registry.npmjs.org/has-symbols cache-miss
174 http fetch GET 200 https://registry.npmjs.org/get-proto 75ms (cache miss)
175 silly packumentCache full:https://registry.npmjs.org/get-proto set size:undefined disposed:false
176 http fetch GET 200 https://registry.npmjs.org/gopd 76ms (cache miss)
177 silly packumentCache full:https://registry.npmjs.org/gopd set size:undefined disposed:false
178 http fetch GET 200 https://registry.npmjs.org/es-define-property 107ms (cache miss)
179 silly packumentCache full:https://registry.npmjs.org/es-define-property set size:undefined disposed:false
180 http fetch GET 200 https://registry.npmjs.org/es-object-atoms 119ms (cache miss)
181 silly packumentCache full:https://registry.npmjs.org/es-object-atoms set size:undefined disposed:false
182 http fetch GET 200 https://registry.npmjs.org/call-bind-apply-helpers 179ms (cache miss)
183 silly packumentCache full:https://registry.npmjs.org/call-bind-apply-helpers set size:undefined disposed:false
184 http fetch GET 200 https://registry.npmjs.org/has-symbols 215ms (cache miss)
185 silly packumentCache full:https://registry.npmjs.org/has-symbols set size:undefined disposed:false
186 http fetch GET 200 https://registry.npmjs.org/has-symbols 214ms (cache miss)
187 silly packumentCache full:https://registry.npmjs.org/has-symbols set size:undefined disposed:false
188 http fetch GET 200 https://registry.npmjs.org/math-intrinsics 249ms (cache miss)
189 silly packumentCache full:https://registry.npmjs.org/math-intrinsics set size:undefined disposed:false
190 silly placeDep ROOT call-bind-apply-helpers@1.0.2 OK for: get-intrinsic@1.3.0 want: ^1.0.2
191 silly placeDep ROOT es-define-property@1.0.1 OK for: get-intrinsic@1.3.0 want: ^1.0.1
192 silly placeDep ROOT es-object-atoms@1.1.1 OK for: get-intrinsic@1.3.0 want: ^1.1.1
193 silly placeDep ROOT function-bind@1.1.2 OK for: get-intrinsic@1.3.0 want: ^1.1.2
194 silly placeDep ROOT get-proto@1.0.1 OK for: get-intrinsic@1.3.0 want: ^1.0.1
195 silly placeDep ROOT gopd@1.2.0 OK for: get-intrinsic@1.3.0 want: ^1.2.0
196 silly placeDep ROOT has-symbols@1.1.0 OK for: get-intrinsic@1.3.0 want: ^1.1.0
197 silly placeDep ROOT math-intrinsics@1.1.0 OK for: get-intrinsic@1.3.0 want: ^1.1.0
198 silly fetch manifest dunder-proto@^1.0.1
199 silly packumentCache full:https://registry.npmjs.org/dunder-proto cache-miss
200 http fetch GET 200 https://registry.npmjs.org/dunder-proto 49ms (cache miss)
201 silly packumentCache full:https://registry.npmjs.org/dunder-proto set size:undefined disposed:false
202 silly placeDep ROOT dunder-proto@1.0.1 OK for: get-proto@1.0.1 want: ^1.0.1
203 silly placeDep ROOT mime-db@1.52.0 OK for: mime-types@2.1.35 want: 1.52.0
204 silly reify moves {}
205 silly audit bulk request {
205 silly audit   '@emnapi/runtime': [ '1.8.1' ],
205 silly audit   '@floating-ui/core': [ '1.7.3' ],
205 silly audit   '@floating-ui/dom': [ '1.7.4' ],
205 silly audit   '@floating-ui/react-dom': [ '2.1.6' ],
205 silly audit   '@floating-ui/utils': [ '0.2.10' ],
205 silly audit   '@img/colour': [ '1.0.0' ],
205 silly audit   '@img/sharp-darwin-arm64': [ '0.34.5' ],
205 silly audit   '@img/sharp-darwin-x64': [ '0.34.5' ],
205 silly audit   '@img/sharp-libvips-darwin-arm64': [ '1.2.4' ],
205 silly audit   '@img/sharp-libvips-darwin-x64': [ '1.2.4' ],
205 silly audit   '@img/sharp-libvips-linux-arm': [ '1.2.4' ],
205 silly audit   '@img/sharp-libvips-linux-arm64': [ '1.2.4' ],
205 silly audit   '@img/sharp-libvips-linux-ppc64': [ '1.2.4' ],
205 silly audit   '@img/sharp-libvips-linux-riscv64': [ '1.2.4' ],
205 silly audit   '@img/sharp-libvips-linux-s390x': [ '1.2.4' ],
205 silly audit   '@img/sharp-libvips-linux-x64': [ '1.2.4' ],
205 silly audit   '@img/sharp-libvips-linuxmusl-arm64': [ '1.2.4' ],
205 silly audit   '@img/sharp-libvips-linuxmusl-x64': [ '1.2.4' ],
205 silly audit   '@img/sharp-linux-arm': [ '0.34.5' ],
205 silly audit   '@img/sharp-linux-arm64': [ '0.34.5' ],
205 silly audit   '@img/sharp-linux-riscv64': [ '0.34.5' ],
205 silly audit   '@img/sharp-linux-s390x': [ '0.34.5' ],
205 silly audit   '@img/sharp-linux-x64': [ '0.34.5' ],
205 silly audit   '@img/sharp-linuxmusl-arm64': [ '0.34.5' ],
205 silly audit   '@img/sharp-linuxmusl-x64': [ '0.34.5' ],
205 silly audit   '@img/sharp-wasm32': [ '0.34.5' ],
205 silly audit   '@img/sharp-win32-arm64': [ '0.34.5' ],
205 silly audit   '@img/sharp-win32-ia32': [ '0.34.5' ],
205 silly audit   '@img/sharp-win32-x64': [ '0.34.5' ],
205 silly audit   '@next/env': [ '16.1.1' ],
205 silly audit   '@next/swc-darwin-arm64': [ '16.1.1' ],
205 silly audit   '@next/swc-darwin-x64': [ '16.1.1' ],
205 silly audit   '@next/swc-linux-arm64-gnu': [ '16.1.1' ],
205 silly audit   '@next/swc-linux-arm64-musl': [ '16.1.1' ],
205 silly audit   '@next/swc-linux-x64-gnu': [ '16.1.1' ],
205 silly audit   '@next/swc-linux-x64-musl': [ '16.1.1' ],
205 silly audit   '@next/swc-win32-arm64-msvc': [ '16.1.1' ],
205 silly audit   '@radix-ui/number': [ '1.1.1' ],
205 silly audit   '@radix-ui/primitive': [ '1.1.3' ],
205 silly audit   '@radix-ui/react-arrow': [ '1.1.7' ],
205 silly audit   '@radix-ui/react-primitive': [ '2.1.3', '2.1.4' ],
205 silly audit   '@radix-ui/react-avatar': [ '1.1.11' ],
205 silly audit   '@radix-ui/react-collection': [ '1.1.7' ],
205 silly audit   '@radix-ui/react-context': [ '1.1.2', '1.1.3' ],
205 silly audit   '@radix-ui/react-compose-refs': [ '1.1.2' ],
205 silly audit   '@radix-ui/react-dialog': [ '1.1.15' ],
205 silly audit   '@radix-ui/react-direction': [ '1.1.1' ],
205 silly audit   '@radix-ui/react-dismissable-layer': [ '1.1.11' ],
205 silly audit   '@radix-ui/react-dropdown-menu': [ '2.1.16' ],
205 silly audit   '@radix-ui/react-focus-guards': [ '1.1.3' ],
205 silly audit   '@radix-ui/react-focus-scope': [ '1.1.7' ],
205 silly audit   '@radix-ui/react-id': [ '1.1.1' ],
205 silly audit   '@radix-ui/react-menu': [ '2.1.16' ],
205 silly audit   '@radix-ui/react-popper': [ '1.2.8' ],
205 silly audit   '@radix-ui/react-portal': [ '1.1.9' ],
205 silly audit   '@radix-ui/react-presence': [ '1.1.5' ],
205 silly audit   '@radix-ui/react-slot': [ '1.2.4', '1.2.3' ],
205 silly audit   '@radix-ui/react-roving-focus': [ '1.1.11' ],
205 silly audit   '@radix-ui/react-select': [ '2.2.6' ],
205 silly audit   '@radix-ui/react-tabs': [ '1.1.13' ],
205 silly audit   '@radix-ui/react-use-callback-ref': [ '1.1.1' ],
205 silly audit   '@radix-ui/react-use-controllable-state': [ '1.2.2' ],
205 silly audit   '@radix-ui/react-use-effect-event': [ '0.0.2' ],
205 silly audit   '@radix-ui/react-use-escape-keydown': [ '1.1.1' ],
205 silly audit   '@radix-ui/react-use-is-hydrated': [ '0.1.0' ],
205 silly audit   '@radix-ui/react-use-layout-effect': [ '1.1.1' ],
205 silly audit   '@radix-ui/react-use-previous': [ '1.1.1' ],
205 silly audit   '@radix-ui/react-use-rect': [ '1.1.1' ],
205 silly audit   '@radix-ui/react-use-size': [ '1.1.1' ],
205 silly audit   '@radix-ui/react-visually-hidden': [ '1.2.3' ],
205 silly audit   '@radix-ui/rect': [ '1.1.1' ],
205 silly audit   '@swc/helpers': [ '0.5.15' ],
205 silly audit   '@types/node': [ '25.0.3' ],
205 silly audit   '@types/react': [ '19.2.7' ],
205 silly audit   '@types/react-dom': [ '19.2.3' ],
205 silly audit   'aria-hidden': [ '1.2.6' ],
205 silly audit   autoprefixer: [ '10.4.23' ],
205 silly audit   'baseline-browser-mapping': [ '2.9.13' ],
205 silly audit   browserslist: [ '4.28.1' ],
205 silly audit   'caniuse-lite': [ '1.0.30001763' ],
205 silly audit   'class-variance-authority': [ '0.7.1' ],
205 silly audit   'client-only': [ '0.0.1' ],
205 silly audit   clsx: [ '2.1.1' ],
205 silly audit   csstype: [ '3.2.3' ],
205 silly audit   'detect-libc': [ '2.1.2' ],
205 silly audit   'detect-node-es': [ '1.1.0' ],
205 silly audit   'electron-to-chromium': [ '1.5.267' ],
205 silly audit   escalade: [ '3.2.0' ],
205 silly audit   'fraction.js': [ '5.3.4' ],
205 silly audit   'get-nonce': [ '1.0.1' ],
205 silly audit   'lucide-react': [ '0.562.0' ],
205 silly audit   nanoid: [ '3.3.11' ],
205 silly audit   next: [ '16.1.1' ],
205 silly audit   postcss: [ '8.4.31', '8.5.6' ],
205 silly audit   'node-releases': [ '2.0.27' ],
205 silly audit   picocolors: [ '1.1.1' ],
205 silly audit   'postcss-value-parser': [ '4.2.0' ],
205 silly audit   react: [ '19.2.3' ],
205 silly audit   'react-dom': [ '19.2.3' ],
205 silly audit   'react-remove-scroll': [ '2.7.2' ],
205 silly audit   'react-remove-scroll-bar': [ '2.3.8' ],
205 silly audit   'react-style-singleton': [ '2.2.3' ],
205 silly audit   scheduler: [ '0.27.0' ],
205 silly audit   semver: [ '7.7.3' ],
205 silly audit   sharp: [ '0.34.5' ],
205 silly audit   'source-map-js': [ '1.2.1' ],
205 silly audit   'styled-jsx': [ '5.1.6' ],
205 silly audit   'tailwind-merge': [ '3.4.0' ],
205 silly audit   tailwindcss: [ '4.1.18' ],
205 silly audit   tslib: [ '2.8.1' ],
205 silly audit   typescript: [ '5.9.3' ],
205 silly audit   'undici-types': [ '7.16.0' ],
205 silly audit   'update-browserslist-db': [ '1.2.3' ],
205 silly audit   'use-callback-ref': [ '1.3.3' ],
205 silly audit   'use-sidecar': [ '1.1.3' ],
205 silly audit   'use-sync-external-store': [ '1.6.0' ],
205 silly audit   '@hookform/resolvers': [ '5.2.2' ],
205 silly audit   '@tanstack/react-query': [ '5.90.16' ],
205 silly audit   '@tanstack/react-query-devtools': [ '5.91.2' ],
205 silly audit   axios: [ '1.13.2' ],
205 silly audit   'react-hook-form': [ '7.70.0' ],
205 silly audit   sonner: [ '2.0.7' ],
205 silly audit   zod: [ '4.3.5' ],
205 silly audit   zustand: [ '5.0.9' ],
205 silly audit   '@standard-schema/utils': [ '0.3.0' ],
205 silly audit   '@tanstack/query-core': [ '5.90.16' ],
205 silly audit   '@tanstack/query-devtools': [ '5.92.0' ],
205 silly audit   'follow-redirects': [ '1.15.11' ],
205 silly audit   'form-data': [ '4.0.5' ],
205 silly audit   'proxy-from-env': [ '1.1.0' ],
205 silly audit   asynckit: [ '0.4.0' ],
205 silly audit   'combined-stream': [ '1.0.8' ],
205 silly audit   'es-set-tostringtag': [ '2.1.0' ],
205 silly audit   hasown: [ '2.0.2' ],
205 silly audit   'mime-types': [ '2.1.35' ],
205 silly audit   'delayed-stream': [ '1.0.0' ],
205 silly audit   'es-errors': [ '1.3.0' ],
205 silly audit   'get-intrinsic': [ '1.3.0' ],
205 silly audit   'has-tostringtag': [ '1.0.2' ],
205 silly audit   'call-bind-apply-helpers': [ '1.0.2' ],
205 silly audit   'es-define-property': [ '1.0.1' ],
205 silly audit   'es-object-atoms': [ '1.1.1' ],
205 silly audit   'function-bind': [ '1.1.2' ],
205 silly audit   'get-proto': [ '1.0.1' ],
205 silly audit   gopd: [ '1.2.0' ],
205 silly audit   'has-symbols': [ '1.1.0' ],
205 silly audit   'math-intrinsics': [ '1.1.0' ],
205 silly audit   'dunder-proto': [ '1.0.1' ],
205 silly audit   'mime-db': [ '1.52.0' ]
205 silly audit }
206 verbose reify failed optional dependency /Users/kai/KAA/my_profile/frontend/node_modules/@next/swc-win32-arm64-msvc
207 silly reify mark deleted [
207 silly reify   '/Users/kai/KAA/my_profile/frontend/node_modules/@next/swc-win32-arm64-msvc'
207 silly reify ]
208 verbose reify failed optional dependency /Users/kai/KAA/my_profile/frontend/node_modules/@next/swc-linux-x64-musl
209 silly reify mark deleted [
209 silly reify   '/Users/kai/KAA/my_profile/frontend/node_modules/@next/swc-linux-x64-musl'
209 silly reify ]
210 verbose reify failed optional dependency /Users/kai/KAA/my_profile/frontend/node_modules/@next/swc-linux-x64-gnu
211 silly reify mark deleted [
211 silly reify   '/Users/kai/KAA/my_profile/frontend/node_modules/@next/swc-linux-x64-gnu'
211 silly reify ]
212 verbose reify failed optional dependency /Users/kai/KAA/my_profile/frontend/node_modules/@next/swc-linux-arm64-musl
213 silly reify mark deleted [
213 silly reify   '/Users/kai/KAA/my_profile/frontend/node_modules/@next/swc-linux-arm64-musl'
213 silly reify ]
214 verbose reify failed optional dependency /Users/kai/KAA/my_profile/frontend/node_modules/@next/swc-linux-arm64-gnu
215 silly reify mark deleted [
215 silly reify   '/Users/kai/KAA/my_profile/frontend/node_modules/@next/swc-linux-arm64-gnu'
215 silly reify ]
216 verbose reify failed optional dependency /Users/kai/KAA/my_profile/frontend/node_modules/@next/swc-darwin-x64
217 silly reify mark deleted [
217 silly reify   '/Users/kai/KAA/my_profile/frontend/node_modules/@next/swc-darwin-x64'
217 silly reify ]
218 verbose reify failed optional dependency /Users/kai/KAA/my_profile/frontend/node_modules/@img/sharp-win32-x64
219 silly reify mark deleted [
219 silly reify   '/Users/kai/KAA/my_profile/frontend/node_modules/@img/sharp-win32-x64'
219 silly reify ]
220 verbose reify failed optional dependency /Users/kai/KAA/my_profile/frontend/node_modules/@img/sharp-win32-ia32
221 silly reify mark deleted [
221 silly reify   '/Users/kai/KAA/my_profile/frontend/node_modules/@img/sharp-win32-ia32'
221 silly reify ]
222 verbose reify failed optional dependency /Users/kai/KAA/my_profile/frontend/node_modules/@img/sharp-win32-arm64
223 silly reify mark deleted [
223 silly reify   '/Users/kai/KAA/my_profile/frontend/node_modules/@img/sharp-win32-arm64'
223 silly reify ]
224 verbose reify failed optional dependency /Users/kai/KAA/my_profile/frontend/node_modules/@img/sharp-wasm32
225 silly reify mark deleted [ '/Users/kai/KAA/my_profile/frontend/node_modules/@img/sharp-wasm32' ]
226 verbose reify failed optional dependency /Users/kai/KAA/my_profile/frontend/node_modules/@emnapi/runtime
227 silly reify mark deleted [ '/Users/kai/KAA/my_profile/frontend/node_modules/@emnapi/runtime' ]
228 verbose reify failed optional dependency /Users/kai/KAA/my_profile/frontend/node_modules/@img/sharp-linuxmusl-x64
229 silly reify mark deleted [
229 silly reify   '/Users/kai/KAA/my_profile/frontend/node_modules/@img/sharp-linuxmusl-x64'
229 silly reify ]
230 verbose reify failed optional dependency /Users/kai/KAA/my_profile/frontend/node_modules/@img/sharp-linuxmusl-arm64
231 silly reify mark deleted [
231 silly reify   '/Users/kai/KAA/my_profile/frontend/node_modules/@img/sharp-linuxmusl-arm64'
231 silly reify ]
232 verbose reify failed optional dependency /Users/kai/KAA/my_profile/frontend/node_modules/@img/sharp-linux-x64
233 silly reify mark deleted [
233 silly reify   '/Users/kai/KAA/my_profile/frontend/node_modules/@img/sharp-linux-x64'
233 silly reify ]
234 verbose reify failed optional dependency /Users/kai/KAA/my_profile/frontend/node_modules/@img/sharp-linux-s390x
235 silly reify mark deleted [
235 silly reify   '/Users/kai/KAA/my_profile/frontend/node_modules/@img/sharp-linux-s390x'
235 silly reify ]
236 verbose reify failed optional dependency /Users/kai/KAA/my_profile/frontend/node_modules/@img/sharp-linux-riscv64
237 silly reify mark deleted [
237 silly reify   '/Users/kai/KAA/my_profile/frontend/node_modules/@img/sharp-linux-riscv64'
237 silly reify ]
238 verbose reify failed optional dependency /Users/kai/KAA/my_profile/frontend/node_modules/@img/sharp-linux-arm64
239 silly reify mark deleted [
239 silly reify   '/Users/kai/KAA/my_profile/frontend/node_modules/@img/sharp-linux-arm64'
239 silly reify ]
240 verbose reify failed optional dependency /Users/kai/KAA/my_profile/frontend/node_modules/@img/sharp-linux-arm
241 silly reify mark deleted [
241 silly reify   '/Users/kai/KAA/my_profile/frontend/node_modules/@img/sharp-linux-arm'
241 silly reify ]
242 verbose reify failed optional dependency /Users/kai/KAA/my_profile/frontend/node_modules/@img/sharp-libvips-linuxmusl-x64
243 silly reify mark deleted [
243 silly reify   '/Users/kai/KAA/my_profile/frontend/node_modules/@img/sharp-libvips-linuxmusl-x64'
243 silly reify ]
244 verbose reify failed optional dependency /Users/kai/KAA/my_profile/frontend/node_modules/@img/sharp-libvips-linuxmusl-arm64
245 silly reify mark deleted [
245 silly reify   '/Users/kai/KAA/my_profile/frontend/node_modules/@img/sharp-libvips-linuxmusl-arm64'
245 silly reify ]
246 verbose reify failed optional dependency /Users/kai/KAA/my_profile/frontend/node_modules/@img/sharp-libvips-linux-x64
247 silly reify mark deleted [
247 silly reify   '/Users/kai/KAA/my_profile/frontend/node_modules/@img/sharp-libvips-linux-x64'
247 silly reify ]
248 verbose reify failed optional dependency /Users/kai/KAA/my_profile/frontend/node_modules/@img/sharp-libvips-linux-s390x
249 silly reify mark deleted [
249 silly reify   '/Users/kai/KAA/my_profile/frontend/node_modules/@img/sharp-libvips-linux-s390x'
249 silly reify ]
250 verbose reify failed optional dependency /Users/kai/KAA/my_profile/frontend/node_modules/@img/sharp-libvips-linux-riscv64
251 silly reify mark deleted [
251 silly reify   '/Users/kai/KAA/my_profile/frontend/node_modules/@img/sharp-libvips-linux-riscv64'
251 silly reify ]
252 verbose reify failed optional dependency /Users/kai/KAA/my_profile/frontend/node_modules/@img/sharp-libvips-linux-ppc64
253 silly reify mark deleted [
253 silly reify   '/Users/kai/KAA/my_profile/frontend/node_modules/@img/sharp-libvips-linux-ppc64'
253 silly reify ]
254 verbose reify failed optional dependency /Users/kai/KAA/my_profile/frontend/node_modules/@img/sharp-libvips-linux-arm64
255 silly reify mark deleted [
255 silly reify   '/Users/kai/KAA/my_profile/frontend/node_modules/@img/sharp-libvips-linux-arm64'
255 silly reify ]
256 verbose reify failed optional dependency /Users/kai/KAA/my_profile/frontend/node_modules/@img/sharp-libvips-linux-arm
257 silly reify mark deleted [
257 silly reify   '/Users/kai/KAA/my_profile/frontend/node_modules/@img/sharp-libvips-linux-arm'
257 silly reify ]
258 verbose reify failed optional dependency /Users/kai/KAA/my_profile/frontend/node_modules/@img/sharp-libvips-darwin-x64
259 silly reify mark deleted [
259 silly reify   '/Users/kai/KAA/my_profile/frontend/node_modules/@img/sharp-libvips-darwin-x64'
259 silly reify ]
260 verbose reify failed optional dependency /Users/kai/KAA/my_profile/frontend/node_modules/@img/sharp-darwin-x64
261 silly reify mark deleted [
261 silly reify   '/Users/kai/KAA/my_profile/frontend/node_modules/@img/sharp-darwin-x64'
261 silly reify ]
262 silly tarball no local data for dunder-proto@https://registry.npmjs.org/dunder-proto/-/dunder-proto-1.0.1.tgz. Extracting by manifest.
263 silly tarball no local data for has-symbols@https://registry.npmjs.org/has-symbols/-/has-symbols-1.1.0.tgz. Extracting by manifest.
264 silly tarball no local data for gopd@https://registry.npmjs.org/gopd/-/gopd-1.2.0.tgz. Extracting by manifest.
265 silly tarball no local data for function-bind@https://registry.npmjs.org/function-bind/-/function-bind-1.1.2.tgz. Extracting by manifest.
266 silly tarball no local data for mime-db@https://registry.npmjs.org/mime-db/-/mime-db-1.52.0.tgz. Extracting by manifest.
267 silly tarball no local data for get-proto@https://registry.npmjs.org/get-proto/-/get-proto-1.0.1.tgz. Extracting by manifest.
268 silly tarball no local data for es-object-atoms@https://registry.npmjs.org/es-object-atoms/-/es-object-atoms-1.1.1.tgz. Extracting by manifest.
269 silly tarball no local data for es-define-property@https://registry.npmjs.org/es-define-property/-/es-define-property-1.0.1.tgz. Extracting by manifest.
270 silly tarball no local data for has-tostringtag@https://registry.npmjs.org/has-tostringtag/-/has-tostringtag-1.0.2.tgz. Extracting by manifest.
271 silly tarball no local data for get-intrinsic@https://registry.npmjs.org/get-intrinsic/-/get-intrinsic-1.3.0.tgz. Extracting by manifest.
272 silly tarball no local data for call-bind-apply-helpers@https://registry.npmjs.org/call-bind-apply-helpers/-/call-bind-apply-helpers-1.0.2.tgz. Extracting by manifest.
273 silly tarball no local data for es-errors@https://registry.npmjs.org/es-errors/-/es-errors-1.3.0.tgz. Extracting by manifest.
274 silly tarball no local data for delayed-stream@https://registry.npmjs.org/delayed-stream/-/delayed-stream-1.0.0.tgz. Extracting by manifest.
275 silly tarball no local data for es-set-tostringtag@https://registry.npmjs.org/es-set-tostringtag/-/es-set-tostringtag-2.1.0.tgz. Extracting by manifest.
276 silly tarball no local data for hasown@https://registry.npmjs.org/hasown/-/hasown-2.0.2.tgz. Extracting by manifest.
277 silly tarball no local data for combined-stream@https://registry.npmjs.org/combined-stream/-/combined-stream-1.0.8.tgz. Extracting by manifest.
278 silly tarball no local data for asynckit@https://registry.npmjs.org/asynckit/-/asynckit-0.4.0.tgz. Extracting by manifest.
279 silly tarball no local data for proxy-from-env@https://registry.npmjs.org/proxy-from-env/-/proxy-from-env-1.1.0.tgz. Extracting by manifest.
280 silly tarball no local data for math-intrinsics@https://registry.npmjs.org/math-intrinsics/-/math-intrinsics-1.1.0.tgz. Extracting by manifest.
281 silly tarball no local data for form-data@https://registry.npmjs.org/form-data/-/form-data-4.0.5.tgz. Extracting by manifest.
282 silly tarball no local data for follow-redirects@https://registry.npmjs.org/follow-redirects/-/follow-redirects-1.15.11.tgz. Extracting by manifest.
283 silly tarball no local data for @tanstack/query-core@https://registry.npmjs.org/@tanstack/query-core/-/query-core-5.90.16.tgz. Extracting by manifest.
284 silly tarball no local data for @tanstack/query-devtools@https://registry.npmjs.org/@tanstack/query-devtools/-/query-devtools-5.92.0.tgz. Extracting by manifest.
285 silly tarball no local data for @standard-schema/utils@https://registry.npmjs.org/@standard-schema/utils/-/utils-0.3.0.tgz. Extracting by manifest.
286 silly tarball no local data for zod@https://registry.npmjs.org/zod/-/zod-4.3.5.tgz. Extracting by manifest.
287 silly tarball no local data for zustand@https://registry.npmjs.org/zustand/-/zustand-5.0.9.tgz. Extracting by manifest.
288 silly tarball no local data for sonner@https://registry.npmjs.org/sonner/-/sonner-2.0.7.tgz. Extracting by manifest.
289 silly tarball no local data for axios@https://registry.npmjs.org/axios/-/axios-1.13.2.tgz. Extracting by manifest.
290 silly tarball no local data for @tanstack/react-query-devtools@https://registry.npmjs.org/@tanstack/react-query-devtools/-/react-query-devtools-5.91.2.tgz. Extracting by manifest.
291 silly tarball no local data for @tanstack/react-query@https://registry.npmjs.org/@tanstack/react-query/-/react-query-5.90.16.tgz. Extracting by manifest.
292 silly tarball no local data for @hookform/resolvers@https://registry.npmjs.org/@hookform/resolvers/-/resolvers-5.2.2.tgz. Extracting by manifest.
293 silly tarball no local data for react-hook-form@https://registry.npmjs.org/react-hook-form/-/react-hook-form-7.70.0.tgz. Extracting by manifest.
294 silly tarball no local data for mime-types@https://registry.npmjs.org/mime-types/-/mime-types-2.1.35.tgz. Extracting by manifest.
295 http fetch GET 200 https://registry.npmjs.org/es-object-atoms/-/es-object-atoms-1.1.1.tgz 100ms (cache miss)
296 http fetch GET 200 https://registry.npmjs.org/has-symbols/-/has-symbols-1.1.0.tgz 103ms (cache miss)
297 http fetch GET 200 https://registry.npmjs.org/gopd/-/gopd-1.2.0.tgz 103ms (cache miss)
298 http fetch GET 200 https://registry.npmjs.org/get-proto/-/get-proto-1.0.1.tgz 103ms (cache miss)
299 http fetch GET 200 https://registry.npmjs.org/function-bind/-/function-bind-1.1.2.tgz 106ms (cache miss)
300 http fetch GET 200 https://registry.npmjs.org/mime-db/-/mime-db-1.52.0.tgz 107ms (cache miss)
301 http fetch GET 200 https://registry.npmjs.org/combined-stream/-/combined-stream-1.0.8.tgz 111ms (cache miss)
302 http fetch GET 200 https://registry.npmjs.org/dunder-proto/-/dunder-proto-1.0.1.tgz 120ms (cache miss)
303 http fetch GET 200 https://registry.npmjs.org/hasown/-/hasown-2.0.2.tgz 113ms (cache miss)
304 http fetch GET 200 https://registry.npmjs.org/has-tostringtag/-/has-tostringtag-1.0.2.tgz 129ms (cache miss)
305 http fetch GET 200 https://registry.npmjs.org/asynckit/-/asynckit-0.4.0.tgz 132ms (cache miss)
306 http fetch GET 200 https://registry.npmjs.org/math-intrinsics/-/math-intrinsics-1.1.0.tgz 133ms (cache miss)
307 http fetch GET 200 https://registry.npmjs.org/call-bind-apply-helpers/-/call-bind-apply-helpers-1.0.2.tgz 141ms (cache miss)
308 http fetch GET 200 https://registry.npmjs.org/proxy-from-env/-/proxy-from-env-1.1.0.tgz 150ms (cache miss)
309 http fetch GET 200 https://registry.npmjs.org/delayed-stream/-/delayed-stream-1.0.0.tgz 155ms (cache miss)
310 http fetch GET 200 https://registry.npmjs.org/es-define-property/-/es-define-property-1.0.1.tgz 164ms (cache miss)
311 http fetch GET 200 https://registry.npmjs.org/form-data/-/form-data-4.0.5.tgz 167ms (cache miss)
312 http fetch GET 200 https://registry.npmjs.org/get-intrinsic/-/get-intrinsic-1.3.0.tgz 174ms (cache miss)
313 http fetch GET 200 https://registry.npmjs.org/es-set-tostringtag/-/es-set-tostringtag-2.1.0.tgz 186ms (cache miss)
314 http fetch GET 200 https://registry.npmjs.org/es-errors/-/es-errors-1.3.0.tgz 211ms (cache miss)
315 http fetch GET 200 https://registry.npmjs.org/sonner/-/sonner-2.0.7.tgz 208ms (cache miss)
316 http fetch GET 200 https://registry.npmjs.org/follow-redirects/-/follow-redirects-1.15.11.tgz 212ms (cache miss)
317 http fetch POST 200 https://registry.npmjs.org/-/npm/v1/security/advisories/bulk 245ms
318 silly audit report {}
319 http fetch GET 200 https://registry.npmjs.org/axios/-/axios-1.13.2.tgz 253ms (cache miss)
320 http fetch GET 200 https://registry.npmjs.org/zustand/-/zustand-5.0.9.tgz 308ms (cache miss)
321 http fetch GET 200 https://registry.npmjs.org/mime-types/-/mime-types-2.1.35.tgz 338ms (cache miss)
322 http fetch GET 200 https://registry.npmjs.org/@standard-schema/utils/-/utils-0.3.0.tgz 344ms (cache miss)
323 http fetch GET 200 https://registry.npmjs.org/zod/-/zod-4.3.5.tgz 351ms (cache miss)
324 http fetch GET 200 https://registry.npmjs.org/@tanstack/query-devtools/-/query-devtools-5.92.0.tgz 394ms (cache miss)
325 http fetch GET 200 https://registry.npmjs.org/react-hook-form/-/react-hook-form-7.70.0.tgz 396ms (cache miss)
326 http fetch GET 200 https://registry.npmjs.org/@tanstack/query-core/-/query-core-5.90.16.tgz 429ms (cache miss)
327 http fetch GET 200 https://registry.npmjs.org/@tanstack/react-query-devtools/-/react-query-devtools-5.91.2.tgz 677ms (cache miss)
328 http fetch GET 200 https://registry.npmjs.org/@tanstack/react-query/-/react-query-5.90.16.tgz 718ms (cache miss)
329 http fetch GET 200 https://registry.npmjs.org/@hookform/resolvers/-/resolvers-5.2.2.tgz 1222ms (cache miss)
330 silly ADD node_modules/mime-db
331 silly ADD node_modules/dunder-proto
332 silly ADD node_modules/math-intrinsics
333 silly ADD node_modules/has-symbols
334 silly ADD node_modules/gopd
335 silly ADD node_modules/get-proto
336 silly ADD node_modules/function-bind
337 silly ADD node_modules/es-object-atoms
338 silly ADD node_modules/es-define-property
339 silly ADD node_modules/call-bind-apply-helpers
340 silly ADD node_modules/has-tostringtag
341 silly ADD node_modules/get-intrinsic
342 silly ADD node_modules/es-errors
343 silly ADD node_modules/delayed-stream
344 silly ADD node_modules/mime-types
345 silly ADD node_modules/hasown
346 silly ADD node_modules/es-set-tostringtag
347 silly ADD node_modules/combined-stream
348 silly ADD node_modules/asynckit
349 silly ADD node_modules/proxy-from-env
350 silly ADD node_modules/form-data
351 silly ADD node_modules/follow-redirects
352 silly ADD node_modules/@tanstack/query-devtools
353 silly ADD node_modules/@tanstack/query-core
354 silly ADD node_modules/@standard-schema/utils
355 silly ADD node_modules/zustand
356 silly ADD node_modules/zod
357 silly ADD node_modules/sonner
358 silly ADD node_modules/react-hook-form
359 silly ADD node_modules/axios
360 silly ADD node_modules/@tanstack/react-query-devtools
361 silly ADD node_modules/@tanstack/react-query
362 silly ADD node_modules/@hookform/resolvers
363 silly ADD
364 silly ADD
365 silly ADD
366 silly ADD
367 silly ADD
368 silly ADD
369 silly ADD
370 silly ADD
371 silly ADD
372 silly ADD
373 silly ADD
374 silly ADD
375 silly ADD
376 silly ADD
377 silly ADD
378 silly ADD
379 silly ADD
380 silly ADD
381 silly ADD
382 silly ADD
383 silly ADD
384 silly ADD
385 silly ADD
386 silly ADD
387 silly ADD
388 silly ADD
389 silly ADD
390 silly ADD
391 verbose cwd /Users/kai/KAA/my_profile/frontend
392 verbose os Darwin 24.6.0
393 verbose node v20.19.1
394 verbose npm  v10.8.2
395 verbose exit 0
396 info ok
