0 verbose cli /Users/kai/.nvm/versions/node/v20.19.1/bin/node /Users/kai/.nvm/versions/node/v20.19.1/bin/npm
1 info using npm@10.8.2
2 info using node@v20.19.1
3 silly config load:file:/Users/kai/.nvm/versions/node/v20.19.1/lib/node_modules/npm/npmrc
4 silly config load:file:/Users/kai/KAA/my_profile/frontend/.npmrc
5 silly config load:file:/Users/kai/.npmrc
6 silly config load:file:/Users/kai/.nvm/versions/node/v20.19.1/etc/npmrc
7 verbose title npm install @tailwindcss/postcss
8 verbose argv "install" "--cache" ".npm-cache" "@tailwindcss/postcss"
9 verbose logfile logs-max:10 dir:/Users/kai/KAA/my_profile/frontend/.npm-cache/_logs/2026-01-08T14_55_01_424Z-
10 verbose logfile /Users/kai/KAA/my_profile/frontend/.npm-cache/_logs/2026-01-08T14_55_01_424Z-debug-0.log
11 silly packumentCache heap:4345298944 maxSize:1086324736 maxEntrySize:543162368
12 silly logfile done cleaning log files
13 silly idealTree buildDeps
14 silly fetch manifest @tailwindcss/postcss@*
15 silly packumentCache full:https://registry.npmjs.org/@tailwindcss%2fpostcss cache-miss
16 http fetch GET 200 https://registry.npmjs.org/@tailwindcss%2fpostcss 229ms (cache miss)
17 silly packumentCache full:https://registry.npmjs.org/@tailwindcss%2fpostcss set size:undefined disposed:false
18 silly placeDep ROOT @tailwindcss/postcss@4.1.18 OK for: frontend@1.0.0 want: *
19 silly fetch manifest @alloc/quick-lru@^5.2.0
20 silly packumentCache full:https://registry.npmjs.org/@alloc%2fquick-lru cache-miss
21 silly fetch manifest @tailwindcss/node@4.1.18
22 silly packumentCache full:https://registry.npmjs.org/@tailwindcss%2fnode cache-miss
23 silly fetch manifest @tailwindcss/oxide@4.1.18
24 silly packumentCache full:https://registry.npmjs.org/@tailwindcss%2foxide cache-miss
25 http fetch GET 200 https://registry.npmjs.org/@alloc%2fquick-lru 86ms (cache miss)
26 silly packumentCache full:https://registry.npmjs.org/@alloc%2fquick-lru set size:undefined disposed:false
27 http fetch GET 200 https://registry.npmjs.org/@tailwindcss%2fnode 176ms (cache miss)
28 silly packumentCache full:https://registry.npmjs.org/@tailwindcss%2fnode set size:undefined disposed:false
29 http fetch GET 200 https://registry.npmjs.org/@tailwindcss%2foxide 206ms (cache miss)
30 silly packumentCache full:https://registry.npmjs.org/@tailwindcss%2foxide set size:undefined disposed:false
31 silly placeDep ROOT @alloc/quick-lru@5.2.0 OK for: @tailwindcss/postcss@4.1.18 want: ^5.2.0
32 silly placeDep ROOT @tailwindcss/node@4.1.18 OK for: @tailwindcss/postcss@4.1.18 want: 4.1.18
33 silly placeDep ROOT @tailwindcss/oxide@4.1.18 OK for: @tailwindcss/postcss@4.1.18 want: 4.1.18
34 silly fetch manifest jiti@^2.6.1
35 silly packumentCache full:https://registry.npmjs.org/jiti cache-miss
36 silly fetch manifest lightningcss@1.30.2
37 silly packumentCache full:https://registry.npmjs.org/lightningcss cache-miss
38 silly fetch manifest magic-string@^0.30.21
39 silly packumentCache full:https://registry.npmjs.org/magic-string cache-miss
40 silly fetch manifest enhanced-resolve@^5.18.3
41 silly packumentCache full:https://registry.npmjs.org/enhanced-resolve cache-miss
42 silly fetch manifest @jridgewell/remapping@^2.3.4
43 silly packumentCache full:https://registry.npmjs.org/@jridgewell%2fremapping cache-miss
44 silly fetch manifest @tailwindcss/oxide-darwin-x64@4.1.18
45 silly packumentCache full:https://registry.npmjs.org/@tailwindcss%2foxide-darwin-x64 cache-miss
46 silly fetch manifest @tailwindcss/oxide-freebsd-x64@4.1.18
47 silly packumentCache full:https://registry.npmjs.org/@tailwindcss%2foxide-freebsd-x64 cache-miss
48 silly fetch manifest @tailwindcss/oxide-wasm32-wasi@4.1.18
49 silly packumentCache full:https://registry.npmjs.org/@tailwindcss%2foxide-wasm32-wasi cache-miss
50 silly fetch manifest @tailwindcss/oxide-darwin-arm64@4.1.18
51 silly packumentCache full:https://registry.npmjs.org/@tailwindcss%2foxide-darwin-arm64 cache-miss
52 http fetch GET 200 https://registry.npmjs.org/jiti 51ms (cache miss)
53 silly packumentCache full:https://registry.npmjs.org/jiti set size:undefined disposed:false
54 silly fetch manifest @tailwindcss/oxide-android-arm64@4.1.18
55 silly packumentCache full:https://registry.npmjs.org/@tailwindcss%2foxide-android-arm64 cache-miss
56 http fetch GET 200 https://registry.npmjs.org/lightningcss 61ms (cache miss)
57 silly packumentCache full:https://registry.npmjs.org/lightningcss set size:undefined disposed:false
58 silly fetch manifest @tailwindcss/oxide-linux-x64-gnu@4.1.18
59 silly packumentCache full:https://registry.npmjs.org/@tailwindcss%2foxide-linux-x64-gnu cache-miss
60 http fetch GET 200 https://registry.npmjs.org/enhanced-resolve 75ms (cache miss)
61 silly packumentCache full:https://registry.npmjs.org/enhanced-resolve set size:undefined disposed:false
62 silly fetch manifest @tailwindcss/oxide-linux-x64-musl@4.1.18
63 silly packumentCache full:https://registry.npmjs.org/@tailwindcss%2foxide-linux-x64-musl cache-miss
64 http fetch GET 200 https://registry.npmjs.org/magic-string 127ms (cache miss)
65 silly packumentCache full:https://registry.npmjs.org/magic-string set size:undefined disposed:false
66 silly fetch manifest @tailwindcss/oxide-win32-x64-msvc@4.1.18
67 silly packumentCache full:https://registry.npmjs.org/@tailwindcss%2foxide-win32-x64-msvc cache-miss
68 http fetch GET 200 https://registry.npmjs.org/@tailwindcss%2foxide-android-arm64 90ms (cache miss)
69 silly packumentCache full:https://registry.npmjs.org/@tailwindcss%2foxide-android-arm64 set size:undefined disposed:false
70 silly fetch manifest @tailwindcss/oxide-linux-arm64-gnu@4.1.18
71 silly packumentCache full:https://registry.npmjs.org/@tailwindcss%2foxide-linux-arm64-gnu cache-miss
72 http fetch GET 200 https://registry.npmjs.org/@tailwindcss%2foxide-linux-x64-gnu 125ms (cache miss)
73 silly packumentCache full:https://registry.npmjs.org/@tailwindcss%2foxide-linux-x64-gnu set size:undefined disposed:false
74 silly fetch manifest @tailwindcss/oxide-linux-arm64-musl@4.1.18
75 silly packumentCache full:https://registry.npmjs.org/@tailwindcss%2foxide-linux-arm64-musl cache-miss
76 http fetch GET 200 https://registry.npmjs.org/@jridgewell%2fremapping 203ms (cache miss)
77 silly packumentCache full:https://registry.npmjs.org/@jridgewell%2fremapping set size:undefined disposed:false
78 silly fetch manifest @tailwindcss/oxide-win32-arm64-msvc@4.1.18
79 silly packumentCache full:https://registry.npmjs.org/@tailwindcss%2foxide-win32-arm64-msvc cache-miss
80 http fetch GET 200 https://registry.npmjs.org/@tailwindcss%2foxide-freebsd-x64 245ms (cache miss)
81 silly packumentCache full:https://registry.npmjs.org/@tailwindcss%2foxide-freebsd-x64 set size:undefined disposed:false
82 silly fetch manifest @tailwindcss/oxide-linux-arm-gnueabihf@4.1.18
83 silly packumentCache full:https://registry.npmjs.org/@tailwindcss%2foxide-linux-arm-gnueabihf cache-miss
84 http fetch GET 200 https://registry.npmjs.org/@tailwindcss%2foxide-linux-x64-musl 211ms (cache miss)
85 silly packumentCache full:https://registry.npmjs.org/@tailwindcss%2foxide-linux-x64-musl set size:undefined disposed:false
86 http fetch GET 200 https://registry.npmjs.org/@tailwindcss%2foxide-darwin-x64 322ms (cache miss)
87 silly packumentCache full:https://registry.npmjs.org/@tailwindcss%2foxide-darwin-x64 set size:undefined disposed:false
88 http fetch GET 200 https://registry.npmjs.org/@tailwindcss%2foxide-linux-arm64-gnu 188ms (cache miss)
89 silly packumentCache full:https://registry.npmjs.org/@tailwindcss%2foxide-linux-arm64-gnu set size:undefined disposed:false
90 http fetch GET 200 https://registry.npmjs.org/@tailwindcss%2foxide-darwin-arm64 349ms (cache miss)
91 silly packumentCache full:https://registry.npmjs.org/@tailwindcss%2foxide-darwin-arm64 set size:undefined disposed:false
92 http fetch GET 200 https://registry.npmjs.org/@tailwindcss%2foxide-win32-x64-msvc 238ms (cache miss)
93 silly packumentCache full:https://registry.npmjs.org/@tailwindcss%2foxide-win32-x64-msvc set size:undefined disposed:false
94 http fetch GET 200 https://registry.npmjs.org/@tailwindcss%2foxide-win32-arm64-msvc 196ms (cache miss)
95 silly packumentCache full:https://registry.npmjs.org/@tailwindcss%2foxide-win32-arm64-msvc set size:undefined disposed:false
96 http fetch GET 200 https://registry.npmjs.org/@tailwindcss%2foxide-wasm32-wasi 413ms (cache miss)
97 silly packumentCache full:https://registry.npmjs.org/@tailwindcss%2foxide-wasm32-wasi set size:undefined disposed:false
98 http fetch GET 200 https://registry.npmjs.org/@tailwindcss%2foxide-linux-arm64-musl 224ms (cache miss)
99 silly packumentCache full:https://registry.npmjs.org/@tailwindcss%2foxide-linux-arm64-musl set size:undefined disposed:false
100 http fetch GET 200 https://registry.npmjs.org/@tailwindcss%2foxide-linux-arm-gnueabihf 173ms (cache miss)
101 silly packumentCache full:https://registry.npmjs.org/@tailwindcss%2foxide-linux-arm-gnueabihf set size:undefined disposed:false
102 silly placeDep ROOT @jridgewell/remapping@2.3.5 OK for: @tailwindcss/node@4.1.18 want: ^2.3.4
103 silly placeDep ROOT enhanced-resolve@5.18.4 OK for: @tailwindcss/node@4.1.18 want: ^5.18.3
104 silly placeDep ROOT jiti@2.6.1 OK for: @tailwindcss/node@4.1.18 want: ^2.6.1
105 silly placeDep ROOT lightningcss@1.30.2 OK for: @tailwindcss/node@4.1.18 want: 1.30.2
106 silly placeDep ROOT magic-string@0.30.21 OK for: @tailwindcss/node@4.1.18 want: ^0.30.21
107 silly fetch manifest @jridgewell/gen-mapping@^0.3.5
108 silly packumentCache full:https://registry.npmjs.org/@jridgewell%2fgen-mapping cache-miss
109 silly fetch manifest @jridgewell/trace-mapping@^0.3.24
110 silly packumentCache full:https://registry.npmjs.org/@jridgewell%2ftrace-mapping cache-miss
111 silly fetch manifest graceful-fs@^4.2.4
112 silly packumentCache full:https://registry.npmjs.org/graceful-fs cache-miss
113 silly fetch manifest tapable@^2.2.0
114 silly packumentCache full:https://registry.npmjs.org/tapable cache-miss
115 silly fetch manifest lightningcss-darwin-x64@1.30.2
116 silly packumentCache full:https://registry.npmjs.org/lightningcss-darwin-x64 cache-miss
117 silly fetch manifest lightningcss-linux-x64-gnu@1.30.2
118 silly packumentCache full:https://registry.npmjs.org/lightningcss-linux-x64-gnu cache-miss
119 silly fetch manifest lightningcss-win32-x64-msvc@1.30.2
120 silly packumentCache full:https://registry.npmjs.org/lightningcss-win32-x64-msvc cache-miss
121 silly fetch manifest lightningcss-win32-arm64-msvc@1.30.2
122 silly packumentCache full:https://registry.npmjs.org/lightningcss-win32-arm64-msvc cache-miss
123 silly fetch manifest lightningcss-darwin-arm64@1.30.2
124 silly packumentCache full:https://registry.npmjs.org/lightningcss-darwin-arm64 cache-miss
125 http fetch GET 200 https://registry.npmjs.org/lightningcss-linux-x64-gnu 65ms (cache miss)
126 silly packumentCache full:https://registry.npmjs.org/lightningcss-linux-x64-gnu set size:undefined disposed:false
127 silly fetch manifest lightningcss-linux-arm64-gnu@1.30.2
128 silly packumentCache full:https://registry.npmjs.org/lightningcss-linux-arm64-gnu cache-miss
129 http fetch GET 200 https://registry.npmjs.org/lightningcss-darwin-x64 71ms (cache miss)
130 silly packumentCache full:https://registry.npmjs.org/lightningcss-darwin-x64 set size:undefined disposed:false
131 silly fetch manifest lightningcss-linux-arm-gnueabihf@1.30.2
132 silly packumentCache full:https://registry.npmjs.org/lightningcss-linux-arm-gnueabihf cache-miss
133 http fetch GET 200 https://registry.npmjs.org/lightningcss-darwin-arm64 69ms (cache miss)
134 silly packumentCache full:https://registry.npmjs.org/lightningcss-darwin-arm64 set size:undefined disposed:false
135 silly fetch manifest lightningcss-linux-arm64-musl@1.30.2
136 silly packumentCache full:https://registry.npmjs.org/lightningcss-linux-arm64-musl cache-miss
137 http fetch GET 200 https://registry.npmjs.org/lightningcss-win32-arm64-msvc 79ms (cache miss)
138 silly packumentCache full:https://registry.npmjs.org/lightningcss-win32-arm64-msvc set size:undefined disposed:false
139 silly fetch manifest lightningcss-linux-x64-musl@1.30.2
140 silly packumentCache full:https://registry.npmjs.org/lightningcss-linux-x64-musl cache-miss
141 http fetch GET 200 https://registry.npmjs.org/tapable 82ms (cache miss)
142 silly packumentCache full:https://registry.npmjs.org/tapable set size:undefined disposed:false
143 silly fetch manifest lightningcss-freebsd-x64@1.30.2
144 silly packumentCache full:https://registry.npmjs.org/lightningcss-freebsd-x64 cache-miss
145 http fetch GET 200 https://registry.npmjs.org/graceful-fs 85ms (cache miss)
146 silly packumentCache full:https://registry.npmjs.org/graceful-fs set size:undefined disposed:false
147 silly fetch manifest lightningcss-android-arm64@1.30.2
148 silly packumentCache full:https://registry.npmjs.org/lightningcss-android-arm64 cache-miss
149 http fetch GET 200 https://registry.npmjs.org/@jridgewell%2ftrace-mapping 91ms (cache miss)
150 silly packumentCache full:https://registry.npmjs.org/@jridgewell%2ftrace-mapping set size:undefined disposed:false
151 silly fetch manifest @jridgewell/sourcemap-codec@^1.5.5
152 silly packumentCache full:https://registry.npmjs.org/@jridgewell%2fsourcemap-codec cache-miss
153 http fetch GET 200 https://registry.npmjs.org/lightningcss-win32-x64-msvc 99ms (cache miss)
154 silly packumentCache full:https://registry.npmjs.org/lightningcss-win32-x64-msvc set size:undefined disposed:false
155 http fetch GET 200 https://registry.npmjs.org/lightningcss-linux-arm-gnueabihf 54ms (cache miss)
156 silly packumentCache full:https://registry.npmjs.org/lightningcss-linux-arm-gnueabihf set size:undefined disposed:false
157 http fetch GET 200 https://registry.npmjs.org/lightningcss-linux-x64-musl 53ms (cache miss)
158 silly packumentCache full:https://registry.npmjs.org/lightningcss-linux-x64-musl set size:undefined disposed:false
159 http fetch GET 200 https://registry.npmjs.org/lightningcss-linux-arm64-musl 63ms (cache miss)
160 silly packumentCache full:https://registry.npmjs.org/lightningcss-linux-arm64-musl set size:undefined disposed:false
161 http fetch GET 200 https://registry.npmjs.org/@jridgewell%2fgen-mapping 144ms (cache miss)
162 silly packumentCache full:https://registry.npmjs.org/@jridgewell%2fgen-mapping set size:undefined disposed:false
163 http fetch GET 200 https://registry.npmjs.org/lightningcss-linux-arm64-gnu 77ms (cache miss)
164 silly packumentCache full:https://registry.npmjs.org/lightningcss-linux-arm64-gnu set size:undefined disposed:false
165 http fetch GET 200 https://registry.npmjs.org/lightningcss-freebsd-x64 71ms (cache miss)
166 silly packumentCache full:https://registry.npmjs.org/lightningcss-freebsd-x64 set size:undefined disposed:false
167 http fetch GET 200 https://registry.npmjs.org/lightningcss-android-arm64 70ms (cache miss)
168 silly packumentCache full:https://registry.npmjs.org/lightningcss-android-arm64 set size:undefined disposed:false
169 http fetch GET 200 https://registry.npmjs.org/@jridgewell%2fsourcemap-codec 79ms (cache miss)
170 silly packumentCache full:https://registry.npmjs.org/@jridgewell%2fsourcemap-codec set size:undefined disposed:false
171 silly placeDep ROOT @jridgewell/gen-mapping@0.3.13 OK for: @jridgewell/remapping@2.3.5 want: ^0.3.5
172 silly placeDep ROOT @jridgewell/trace-mapping@0.3.31 OK for: @jridgewell/remapping@2.3.5 want: ^0.3.24
173 silly fetch manifest @jridgewell/sourcemap-codec@^1.5.0
174 silly packumentCache full:https://registry.npmjs.org/@jridgewell%2fsourcemap-codec cache-miss
175 silly fetch manifest @jridgewell/resolve-uri@^3.1.0
176 silly packumentCache full:https://registry.npmjs.org/@jridgewell%2fresolve-uri cache-miss
177 silly fetch manifest @jridgewell/sourcemap-codec@^1.4.14
178 silly packumentCache full:https://registry.npmjs.org/@jridgewell%2fsourcemap-codec cache-miss
179 http fetch GET 200 https://registry.npmjs.org/@jridgewell%2fsourcemap-codec 7ms (cache hit)
180 silly packumentCache full:https://registry.npmjs.org/@jridgewell%2fsourcemap-codec set size:59275 disposed:false
181 http fetch GET 200 https://registry.npmjs.org/@jridgewell%2fsourcemap-codec 7ms (cache hit)
182 silly packumentCache full:https://registry.npmjs.org/@jridgewell%2fsourcemap-codec set size:59275 disposed:false
183 silly packumentCache full:https://registry.npmjs.org/@jridgewell%2fsourcemap-codec dispose
184 http fetch GET 200 https://registry.npmjs.org/@jridgewell%2fresolve-uri 164ms (cache miss)
185 silly packumentCache full:https://registry.npmjs.org/@jridgewell%2fresolve-uri set size:undefined disposed:false
186 silly placeDep ROOT @jridgewell/sourcemap-codec@1.5.5 OK for: @jridgewell/gen-mapping@0.3.13 want: ^1.5.0
187 silly placeDep ROOT @jridgewell/resolve-uri@3.1.2 OK for: @jridgewell/trace-mapping@0.3.31 want: ^3.1.0
188 silly placeDep ROOT @tailwindcss/oxide-android-arm64@4.1.18 OK for: @tailwindcss/oxide@4.1.18 want: 4.1.18
189 silly placeDep ROOT @tailwindcss/oxide-darwin-arm64@4.1.18 OK for: @tailwindcss/oxide@4.1.18 want: 4.1.18
190 silly placeDep ROOT @tailwindcss/oxide-darwin-x64@4.1.18 OK for: @tailwindcss/oxide@4.1.18 want: 4.1.18
191 silly placeDep ROOT @tailwindcss/oxide-freebsd-x64@4.1.18 OK for: @tailwindcss/oxide@4.1.18 want: 4.1.18
192 silly placeDep ROOT @tailwindcss/oxide-linux-arm-gnueabihf@4.1.18 OK for: @tailwindcss/oxide@4.1.18 want: 4.1.18
193 silly placeDep ROOT @tailwindcss/oxide-linux-arm64-gnu@4.1.18 OK for: @tailwindcss/oxide@4.1.18 want: 4.1.18
194 silly placeDep ROOT @tailwindcss/oxide-linux-arm64-musl@4.1.18 OK for: @tailwindcss/oxide@4.1.18 want: 4.1.18
195 silly placeDep ROOT @tailwindcss/oxide-linux-x64-gnu@4.1.18 OK for: @tailwindcss/oxide@4.1.18 want: 4.1.18
196 silly placeDep ROOT @tailwindcss/oxide-linux-x64-musl@4.1.18 OK for: @tailwindcss/oxide@4.1.18 want: 4.1.18
197 silly placeDep ROOT @tailwindcss/oxide-wasm32-wasi@4.1.18 OK for: @tailwindcss/oxide@4.1.18 want: 4.1.18
198 silly placeDep ROOT @tailwindcss/oxide-win32-arm64-msvc@4.1.18 OK for: @tailwindcss/oxide@4.1.18 want: 4.1.18
199 silly placeDep ROOT @tailwindcss/oxide-win32-x64-msvc@4.1.18 OK for: @tailwindcss/oxide@4.1.18 want: 4.1.18
200 silly placeDep ROOT graceful-fs@4.2.11 OK for: enhanced-resolve@5.18.4 want: ^4.2.4
201 silly placeDep ROOT tapable@2.3.0 OK for: enhanced-resolve@5.18.4 want: ^2.2.0
202 silly placeDep ROOT lightningcss-android-arm64@1.30.2 OK for: lightningcss@1.30.2 want: 1.30.2
203 silly placeDep ROOT lightningcss-darwin-arm64@1.30.2 OK for: lightningcss@1.30.2 want: 1.30.2
204 silly placeDep ROOT lightningcss-darwin-x64@1.30.2 OK for: lightningcss@1.30.2 want: 1.30.2
205 silly placeDep ROOT lightningcss-freebsd-x64@1.30.2 OK for: lightningcss@1.30.2 want: 1.30.2
206 silly placeDep ROOT lightningcss-linux-arm-gnueabihf@1.30.2 OK for: lightningcss@1.30.2 want: 1.30.2
207 silly placeDep ROOT lightningcss-linux-arm64-gnu@1.30.2 OK for: lightningcss@1.30.2 want: 1.30.2
208 silly placeDep ROOT lightningcss-linux-arm64-musl@1.30.2 OK for: lightningcss@1.30.2 want: 1.30.2
209 silly placeDep ROOT lightningcss-linux-x64-gnu@1.30.2 OK for: lightningcss@1.30.2 want: 1.30.2
210 silly placeDep ROOT lightningcss-linux-x64-musl@1.30.2 OK for: lightningcss@1.30.2 want: 1.30.2
211 silly placeDep ROOT lightningcss-win32-arm64-msvc@1.30.2 OK for: lightningcss@1.30.2 want: 1.30.2
212 silly placeDep ROOT lightningcss-win32-x64-msvc@1.30.2 OK for: lightningcss@1.30.2 want: 1.30.2
213 silly reify moves {}
214 verbose reify failed optional dependency /Users/kai/KAA/my_profile/frontend/node_modules/@tailwindcss/oxide-wasm32-wasi
215 silly reify mark deleted [
215 silly reify   '/Users/kai/KAA/my_profile/frontend/node_modules/@tailwindcss/oxide-wasm32-wasi'
215 silly reify ]
216 silly audit bulk request {
216 silly audit   '@emnapi/runtime': [ '1.8.1' ],
216 silly audit   '@floating-ui/core': [ '1.7.3' ],
216 silly audit   '@floating-ui/dom': [ '1.7.4' ],
216 silly audit   '@floating-ui/react-dom': [ '2.1.6' ],
216 silly audit   '@floating-ui/utils': [ '0.2.10' ],
216 silly audit   '@hookform/resolvers': [ '5.2.2' ],
216 silly audit   '@img/colour': [ '1.0.0' ],
216 silly audit   '@img/sharp-darwin-arm64': [ '0.34.5' ],
216 silly audit   '@img/sharp-darwin-x64': [ '0.34.5' ],
216 silly audit   '@img/sharp-libvips-darwin-arm64': [ '1.2.4' ],
216 silly audit   '@img/sharp-libvips-darwin-x64': [ '1.2.4' ],
216 silly audit   '@img/sharp-libvips-linux-arm': [ '1.2.4' ],
216 silly audit   '@img/sharp-libvips-linux-arm64': [ '1.2.4' ],
216 silly audit   '@img/sharp-libvips-linux-ppc64': [ '1.2.4' ],
216 silly audit   '@img/sharp-libvips-linux-riscv64': [ '1.2.4' ],
216 silly audit   '@img/sharp-libvips-linux-s390x': [ '1.2.4' ],
216 silly audit   '@img/sharp-libvips-linux-x64': [ '1.2.4' ],
216 silly audit   '@img/sharp-libvips-linuxmusl-arm64': [ '1.2.4' ],
216 silly audit   '@img/sharp-libvips-linuxmusl-x64': [ '1.2.4' ],
216 silly audit   '@img/sharp-linux-arm': [ '0.34.5' ],
216 silly audit   '@img/sharp-linux-arm64': [ '0.34.5' ],
216 silly audit   '@img/sharp-linux-riscv64': [ '0.34.5' ],
216 silly audit   '@img/sharp-linux-s390x': [ '0.34.5' ],
216 silly audit   '@img/sharp-linux-x64': [ '0.34.5' ],
216 silly audit   '@img/sharp-linuxmusl-arm64': [ '0.34.5' ],
216 silly audit   '@img/sharp-linuxmusl-x64': [ '0.34.5' ],
216 silly audit   '@img/sharp-wasm32': [ '0.34.5' ],
216 silly audit   '@img/sharp-win32-arm64': [ '0.34.5' ],
216 silly audit   '@img/sharp-win32-ia32': [ '0.34.5' ],
216 silly audit   '@img/sharp-win32-x64': [ '0.34.5' ],
216 silly audit   '@next/env': [ '16.1.1' ],
216 silly audit   '@next/swc-darwin-arm64': [ '16.1.1' ],
216 silly audit   '@next/swc-darwin-x64': [ '16.1.1' ],
216 silly audit   '@next/swc-linux-arm64-gnu': [ '16.1.1' ],
216 silly audit   '@next/swc-linux-arm64-musl': [ '16.1.1' ],
216 silly audit   '@next/swc-linux-x64-gnu': [ '16.1.1' ],
216 silly audit   '@next/swc-linux-x64-musl': [ '16.1.1' ],
216 silly audit   '@next/swc-win32-arm64-msvc': [ '16.1.1' ],
216 silly audit   '@radix-ui/number': [ '1.1.1' ],
216 silly audit   '@radix-ui/primitive': [ '1.1.3' ],
216 silly audit   '@radix-ui/react-arrow': [ '1.1.7' ],
216 silly audit   '@radix-ui/react-primitive': [ '2.1.3', '2.1.4' ],
216 silly audit   '@radix-ui/react-avatar': [ '1.1.11' ],
216 silly audit   '@radix-ui/react-collection': [ '1.1.7' ],
216 silly audit   '@radix-ui/react-context': [ '1.1.2', '1.1.3' ],
216 silly audit   '@radix-ui/react-compose-refs': [ '1.1.2' ],
216 silly audit   '@radix-ui/react-dialog': [ '1.1.15' ],
216 silly audit   '@radix-ui/react-direction': [ '1.1.1' ],
216 silly audit   '@radix-ui/react-dismissable-layer': [ '1.1.11' ],
216 silly audit   '@radix-ui/react-dropdown-menu': [ '2.1.16' ],
216 silly audit   '@radix-ui/react-focus-guards': [ '1.1.3' ],
216 silly audit   '@radix-ui/react-focus-scope': [ '1.1.7' ],
216 silly audit   '@radix-ui/react-id': [ '1.1.1' ],
216 silly audit   '@radix-ui/react-menu': [ '2.1.16' ],
216 silly audit   '@radix-ui/react-popper': [ '1.2.8' ],
216 silly audit   '@radix-ui/react-portal': [ '1.1.9' ],
216 silly audit   '@radix-ui/react-presence': [ '1.1.5' ],
216 silly audit   '@radix-ui/react-slot': [ '1.2.4', '1.2.3' ],
216 silly audit   '@radix-ui/react-roving-focus': [ '1.1.11' ],
216 silly audit   '@radix-ui/react-select': [ '2.2.6' ],
216 silly audit   '@radix-ui/react-tabs': [ '1.1.13' ],
216 silly audit   '@radix-ui/react-use-callback-ref': [ '1.1.1' ],
216 silly audit   '@radix-ui/react-use-controllable-state': [ '1.2.2' ],
216 silly audit   '@radix-ui/react-use-effect-event': [ '0.0.2' ],
216 silly audit   '@radix-ui/react-use-escape-keydown': [ '1.1.1' ],
216 silly audit   '@radix-ui/react-use-is-hydrated': [ '0.1.0' ],
216 silly audit   '@radix-ui/react-use-layout-effect': [ '1.1.1' ],
216 silly audit   '@radix-ui/react-use-previous': [ '1.1.1' ],
216 silly audit   '@radix-ui/react-use-rect': [ '1.1.1' ],
216 silly audit   '@radix-ui/react-use-size': [ '1.1.1' ],
216 silly audit   '@radix-ui/react-visually-hidden': [ '1.2.3' ],
216 silly audit   '@radix-ui/rect': [ '1.1.1' ],
216 silly audit   '@standard-schema/utils': [ '0.3.0' ],
216 silly audit   '@swc/helpers': [ '0.5.15' ],
216 silly audit   '@tanstack/query-core': [ '5.90.16' ],
216 silly audit   '@tanstack/query-devtools': [ '5.92.0' ],
216 silly audit   '@tanstack/react-query': [ '5.90.16' ],
216 silly audit   '@tanstack/react-query-devtools': [ '5.91.2' ],
216 silly audit   '@types/node': [ '25.0.3' ],
216 silly audit   '@types/react': [ '19.2.7' ],
216 silly audit   '@types/react-dom': [ '19.2.3' ],
216 silly audit   'aria-hidden': [ '1.2.6' ],
216 silly audit   asynckit: [ '0.4.0' ],
216 silly audit   autoprefixer: [ '10.4.23' ],
216 silly audit   axios: [ '1.13.2' ],
216 silly audit   'baseline-browser-mapping': [ '2.9.13' ],
216 silly audit   browserslist: [ '4.28.1' ],
216 silly audit   'call-bind-apply-helpers': [ '1.0.2' ],
216 silly audit   'caniuse-lite': [ '1.0.30001763' ],
216 silly audit   'class-variance-authority': [ '0.7.1' ],
216 silly audit   'client-only': [ '0.0.1' ],
216 silly audit   clsx: [ '2.1.1' ],
216 silly audit   'combined-stream': [ '1.0.8' ],
216 silly audit   csstype: [ '3.2.3' ],
216 silly audit   'delayed-stream': [ '1.0.0' ],
216 silly audit   'detect-libc': [ '2.1.2' ],
216 silly audit   'detect-node-es': [ '1.1.0' ],
216 silly audit   'dunder-proto': [ '1.0.1' ],
216 silly audit   'electron-to-chromium': [ '1.5.267' ],
216 silly audit   'es-define-property': [ '1.0.1' ],
216 silly audit   'es-errors': [ '1.3.0' ],
216 silly audit   'es-object-atoms': [ '1.1.1' ],
216 silly audit   'es-set-tostringtag': [ '2.1.0' ],
216 silly audit   escalade: [ '3.2.0' ],
216 silly audit   'follow-redirects': [ '1.15.11' ],
216 silly audit   'form-data': [ '4.0.5' ],
216 silly audit   'fraction.js': [ '5.3.4' ],
216 silly audit   'function-bind': [ '1.1.2' ],
216 silly audit   'get-intrinsic': [ '1.3.0' ],
216 silly audit   'get-nonce': [ '1.0.1' ],
216 silly audit   'get-proto': [ '1.0.1' ],
216 silly audit   gopd: [ '1.2.0' ],
216 silly audit   'has-symbols': [ '1.1.0' ],
216 silly audit   'has-tostringtag': [ '1.0.2' ],
216 silly audit   hasown: [ '2.0.2' ],
216 silly audit   'lucide-react': [ '0.562.0' ],
216 silly audit   'math-intrinsics': [ '1.1.0' ],
216 silly audit   'mime-db': [ '1.52.0' ],
216 silly audit   'mime-types': [ '2.1.35' ],
216 silly audit   nanoid: [ '3.3.11' ],
216 silly audit   next: [ '16.1.1' ],
216 silly audit   postcss: [ '8.4.31', '8.5.6' ],
216 silly audit   'node-releases': [ '2.0.27' ],
216 silly audit   picocolors: [ '1.1.1' ],
216 silly audit   'postcss-value-parser': [ '4.2.0' ],
216 silly audit   'proxy-from-env': [ '1.1.0' ],
216 silly audit   react: [ '19.2.3' ],
216 silly audit   'react-dom': [ '19.2.3' ],
216 silly audit   'react-hook-form': [ '7.70.0' ],
216 silly audit   'react-remove-scroll': [ '2.7.2' ],
216 silly audit   'react-remove-scroll-bar': [ '2.3.8' ],
216 silly audit   'react-style-singleton': [ '2.2.3' ],
216 silly audit   scheduler: [ '0.27.0' ],
216 silly audit   semver: [ '7.7.3' ],
216 silly audit   sharp: [ '0.34.5' ],
216 silly audit   sonner: [ '2.0.7' ],
216 silly audit   'source-map-js': [ '1.2.1' ],
216 silly audit   'styled-jsx': [ '5.1.6' ],
216 silly audit   'tailwind-merge': [ '3.4.0' ],
216 silly audit   tailwindcss: [ '4.1.18' ],
216 silly audit   tslib: [ '2.8.1' ],
216 silly audit   typescript: [ '5.9.3' ],
216 silly audit   'undici-types': [ '7.16.0' ],
216 silly audit   'update-browserslist-db': [ '1.2.3' ],
216 silly audit   'use-callback-ref': [ '1.3.3' ],
216 silly audit   'use-sidecar': [ '1.1.3' ],
216 silly audit   'use-sync-external-store': [ '1.6.0' ],
216 silly audit   zod: [ '4.3.5' ],
216 silly audit   zustand: [ '5.0.9' ],
216 silly audit   '@next/swc-win32-x64-msvc': [ '16.1.1' ],
216 silly audit   '@tailwindcss/postcss': [ '4.1.18' ],
216 silly audit   '@alloc/quick-lru': [ '5.2.0' ],
216 silly audit   '@tailwindcss/node': [ '4.1.18' ],
216 silly audit   '@tailwindcss/oxide': [ '4.1.18' ],
216 silly audit   '@jridgewell/remapping': [ '2.3.5' ],
216 silly audit   'enhanced-resolve': [ '5.18.4' ],
216 silly audit   jiti: [ '2.6.1' ],
216 silly audit   lightningcss: [ '1.30.2' ],
216 silly audit   'magic-string': [ '0.30.21' ],
216 silly audit   '@jridgewell/gen-mapping': [ '0.3.13' ],
216 silly audit   '@jridgewell/trace-mapping': [ '0.3.31' ],
216 silly audit   '@jridgewell/sourcemap-codec': [ '1.5.5' ],
216 silly audit   '@jridgewell/resolve-uri': [ '3.1.2' ],
216 silly audit   '@tailwindcss/oxide-android-arm64': [ '4.1.18' ],
216 silly audit   '@tailwindcss/oxide-darwin-arm64': [ '4.1.18' ],
216 silly audit   '@tailwindcss/oxide-darwin-x64': [ '4.1.18' ],
216 silly audit   '@tailwindcss/oxide-freebsd-x64': [ '4.1.18' ],
216 silly audit   '@tailwindcss/oxide-linux-arm-gnueabihf': [ '4.1.18' ],
216 silly audit   '@tailwindcss/oxide-linux-arm64-gnu': [ '4.1.18' ],
216 silly audit   '@tailwindcss/oxide-linux-arm64-musl': [ '4.1.18' ],
216 silly audit   '@tailwindcss/oxide-linux-x64-gnu': [ '4.1.18' ],
216 silly audit   '@tailwindcss/oxide-linux-x64-musl': [ '4.1.18' ],
216 silly audit   '@tailwindcss/oxide-win32-arm64-msvc': [ '4.1.18' ],
216 silly audit   '@tailwindcss/oxide-win32-x64-msvc': [ '4.1.18' ],
216 silly audit   'graceful-fs': [ '4.2.11' ],
216 silly audit   tapable: [ '2.3.0' ],
216 silly audit   'lightningcss-android-arm64': [ '1.30.2' ],
216 silly audit   'lightningcss-darwin-arm64': [ '1.30.2' ],
216 silly audit   'lightningcss-darwin-x64': [ '1.30.2' ],
216 silly audit   'lightningcss-freebsd-x64': [ '1.30.2' ],
216 silly audit   'lightningcss-linux-arm-gnueabihf': [ '1.30.2' ],
216 silly audit   'lightningcss-linux-arm64-gnu': [ '1.30.2' ],
216 silly audit   'lightningcss-linux-arm64-musl': [ '1.30.2' ],
216 silly audit   'lightningcss-linux-x64-gnu': [ '1.30.2' ],
216 silly audit   'lightningcss-linux-x64-musl': [ '1.30.2' ],
216 silly audit   'lightningcss-win32-arm64-msvc': [ '1.30.2' ],
216 silly audit   'lightningcss-win32-x64-msvc': [ '1.30.2' ],
216 silly audit   '@tailwindcss/oxide-wasm32-wasi': [ '4.1.18' ]
216 silly audit }
217 verbose reify failed optional dependency /Users/kai/KAA/my_profile/frontend/node_modules/lightningcss-win32-x64-msvc
218 silly reify mark deleted [
218 silly reify   '/Users/kai/KAA/my_profile/frontend/node_modules/lightningcss-win32-x64-msvc'
218 silly reify ]
219 verbose reify failed optional dependency /Users/kai/KAA/my_profile/frontend/node_modules/lightningcss-win32-arm64-msvc
220 silly reify mark deleted [
220 silly reify   '/Users/kai/KAA/my_profile/frontend/node_modules/lightningcss-win32-arm64-msvc'
220 silly reify ]
221 verbose reify failed optional dependency /Users/kai/KAA/my_profile/frontend/node_modules/lightningcss-linux-x64-musl
222 silly reify mark deleted [
222 silly reify   '/Users/kai/KAA/my_profile/frontend/node_modules/lightningcss-linux-x64-musl'
222 silly reify ]
223 verbose reify failed optional dependency /Users/kai/KAA/my_profile/frontend/node_modules/lightningcss-linux-x64-gnu
224 silly reify mark deleted [
224 silly reify   '/Users/kai/KAA/my_profile/frontend/node_modules/lightningcss-linux-x64-gnu'
224 silly reify ]
225 verbose reify failed optional dependency /Users/kai/KAA/my_profile/frontend/node_modules/lightningcss-linux-arm64-musl
226 silly reify mark deleted [
226 silly reify   '/Users/kai/KAA/my_profile/frontend/node_modules/lightningcss-linux-arm64-musl'
226 silly reify ]
227 verbose reify failed optional dependency /Users/kai/KAA/my_profile/frontend/node_modules/lightningcss-linux-arm64-gnu
228 silly reify mark deleted [
228 silly reify   '/Users/kai/KAA/my_profile/frontend/node_modules/lightningcss-linux-arm64-gnu'
228 silly reify ]
229 verbose reify failed optional dependency /Users/kai/KAA/my_profile/frontend/node_modules/lightningcss-linux-arm-gnueabihf
230 silly reify mark deleted [
230 silly reify   '/Users/kai/KAA/my_profile/frontend/node_modules/lightningcss-linux-arm-gnueabihf'
230 silly reify ]
231 verbose reify failed optional dependency /Users/kai/KAA/my_profile/frontend/node_modules/lightningcss-freebsd-x64
232 silly reify mark deleted [
232 silly reify   '/Users/kai/KAA/my_profile/frontend/node_modules/lightningcss-freebsd-x64'
232 silly reify ]
233 verbose reify failed optional dependency /Users/kai/KAA/my_profile/frontend/node_modules/lightningcss-darwin-x64
234 silly reify mark deleted [
234 silly reify   '/Users/kai/KAA/my_profile/frontend/node_modules/lightningcss-darwin-x64'
234 silly reify ]
235 verbose reify failed optional dependency /Users/kai/KAA/my_profile/frontend/node_modules/lightningcss-android-arm64
236 silly reify mark deleted [
236 silly reify   '/Users/kai/KAA/my_profile/frontend/node_modules/lightningcss-android-arm64'
236 silly reify ]
237 verbose reify failed optional dependency /Users/kai/KAA/my_profile/frontend/node_modules/@tailwindcss/oxide-win32-x64-msvc
238 silly reify mark deleted [
238 silly reify   '/Users/kai/KAA/my_profile/frontend/node_modules/@tailwindcss/oxide-win32-x64-msvc'
238 silly reify ]
239 verbose reify failed optional dependency /Users/kai/KAA/my_profile/frontend/node_modules/@tailwindcss/oxide-win32-arm64-msvc
240 silly reify mark deleted [
240 silly reify   '/Users/kai/KAA/my_profile/frontend/node_modules/@tailwindcss/oxide-win32-arm64-msvc'
240 silly reify ]
241 verbose reify failed optional dependency /Users/kai/KAA/my_profile/frontend/node_modules/@tailwindcss/oxide-linux-x64-musl
242 silly reify mark deleted [
242 silly reify   '/Users/kai/KAA/my_profile/frontend/node_modules/@tailwindcss/oxide-linux-x64-musl'
242 silly reify ]
243 verbose reify failed optional dependency /Users/kai/KAA/my_profile/frontend/node_modules/@tailwindcss/oxide-linux-x64-gnu
244 silly reify mark deleted [
244 silly reify   '/Users/kai/KAA/my_profile/frontend/node_modules/@tailwindcss/oxide-linux-x64-gnu'
244 silly reify ]
245 verbose reify failed optional dependency /Users/kai/KAA/my_profile/frontend/node_modules/@tailwindcss/oxide-linux-arm64-musl
246 silly reify mark deleted [
246 silly reify   '/Users/kai/KAA/my_profile/frontend/node_modules/@tailwindcss/oxide-linux-arm64-musl'
246 silly reify ]
247 verbose reify failed optional dependency /Users/kai/KAA/my_profile/frontend/node_modules/@tailwindcss/oxide-linux-arm64-gnu
248 silly reify mark deleted [
248 silly reify   '/Users/kai/KAA/my_profile/frontend/node_modules/@tailwindcss/oxide-linux-arm64-gnu'
248 silly reify ]
249 verbose reify failed optional dependency /Users/kai/KAA/my_profile/frontend/node_modules/@tailwindcss/oxide-linux-arm-gnueabihf
250 silly reify mark deleted [
250 silly reify   '/Users/kai/KAA/my_profile/frontend/node_modules/@tailwindcss/oxide-linux-arm-gnueabihf'
250 silly reify ]
251 verbose reify failed optional dependency /Users/kai/KAA/my_profile/frontend/node_modules/@tailwindcss/oxide-freebsd-x64
252 silly reify mark deleted [
252 silly reify   '/Users/kai/KAA/my_profile/frontend/node_modules/@tailwindcss/oxide-freebsd-x64'
252 silly reify ]
253 verbose reify failed optional dependency /Users/kai/KAA/my_profile/frontend/node_modules/@tailwindcss/oxide-darwin-x64
254 silly reify mark deleted [
254 silly reify   '/Users/kai/KAA/my_profile/frontend/node_modules/@tailwindcss/oxide-darwin-x64'
254 silly reify ]
255 verbose reify failed optional dependency /Users/kai/KAA/my_profile/frontend/node_modules/@tailwindcss/oxide-android-arm64
256 silly reify mark deleted [
256 silly reify   '/Users/kai/KAA/my_profile/frontend/node_modules/@tailwindcss/oxide-android-arm64'
256 silly reify ]
257 verbose reify failed optional dependency /Users/kai/KAA/my_profile/frontend/node_modules/@next/swc-win32-x64-msvc
258 silly reify mark deleted [
258 silly reify   '/Users/kai/KAA/my_profile/frontend/node_modules/@next/swc-win32-x64-msvc'
258 silly reify ]
259 verbose reify failed optional dependency /Users/kai/KAA/my_profile/frontend/node_modules/@next/swc-win32-arm64-msvc
260 silly reify mark deleted [
260 silly reify   '/Users/kai/KAA/my_profile/frontend/node_modules/@next/swc-win32-arm64-msvc'
260 silly reify ]
261 verbose reify failed optional dependency /Users/kai/KAA/my_profile/frontend/node_modules/@next/swc-linux-x64-musl
262 silly reify mark deleted [
262 silly reify   '/Users/kai/KAA/my_profile/frontend/node_modules/@next/swc-linux-x64-musl'
262 silly reify ]
263 verbose reify failed optional dependency /Users/kai/KAA/my_profile/frontend/node_modules/@next/swc-linux-x64-gnu
264 silly reify mark deleted [
264 silly reify   '/Users/kai/KAA/my_profile/frontend/node_modules/@next/swc-linux-x64-gnu'
264 silly reify ]
265 verbose reify failed optional dependency /Users/kai/KAA/my_profile/frontend/node_modules/@next/swc-linux-arm64-musl
266 silly reify mark deleted [
266 silly reify   '/Users/kai/KAA/my_profile/frontend/node_modules/@next/swc-linux-arm64-musl'
266 silly reify ]
267 verbose reify failed optional dependency /Users/kai/KAA/my_profile/frontend/node_modules/@next/swc-linux-arm64-gnu
268 silly reify mark deleted [
268 silly reify   '/Users/kai/KAA/my_profile/frontend/node_modules/@next/swc-linux-arm64-gnu'
268 silly reify ]
269 verbose reify failed optional dependency /Users/kai/KAA/my_profile/frontend/node_modules/@next/swc-darwin-x64
270 silly reify mark deleted [
270 silly reify   '/Users/kai/KAA/my_profile/frontend/node_modules/@next/swc-darwin-x64'
270 silly reify ]
271 verbose reify failed optional dependency /Users/kai/KAA/my_profile/frontend/node_modules/@img/sharp-win32-x64
272 silly reify mark deleted [
272 silly reify   '/Users/kai/KAA/my_profile/frontend/node_modules/@img/sharp-win32-x64'
272 silly reify ]
273 verbose reify failed optional dependency /Users/kai/KAA/my_profile/frontend/node_modules/@img/sharp-win32-ia32
274 silly reify mark deleted [
274 silly reify   '/Users/kai/KAA/my_profile/frontend/node_modules/@img/sharp-win32-ia32'
274 silly reify ]
275 verbose reify failed optional dependency /Users/kai/KAA/my_profile/frontend/node_modules/@img/sharp-win32-arm64
276 silly reify mark deleted [
276 silly reify   '/Users/kai/KAA/my_profile/frontend/node_modules/@img/sharp-win32-arm64'
276 silly reify ]
277 verbose reify failed optional dependency /Users/kai/KAA/my_profile/frontend/node_modules/@img/sharp-wasm32
278 silly reify mark deleted [ '/Users/kai/KAA/my_profile/frontend/node_modules/@img/sharp-wasm32' ]
279 verbose reify failed optional dependency /Users/kai/KAA/my_profile/frontend/node_modules/@img/sharp-linuxmusl-x64
280 silly reify mark deleted [
280 silly reify   '/Users/kai/KAA/my_profile/frontend/node_modules/@img/sharp-linuxmusl-x64'
280 silly reify ]
281 verbose reify failed optional dependency /Users/kai/KAA/my_profile/frontend/node_modules/@img/sharp-linuxmusl-arm64
282 silly reify mark deleted [
282 silly reify   '/Users/kai/KAA/my_profile/frontend/node_modules/@img/sharp-linuxmusl-arm64'
282 silly reify ]
283 verbose reify failed optional dependency /Users/kai/KAA/my_profile/frontend/node_modules/@img/sharp-linux-x64
284 silly reify mark deleted [
284 silly reify   '/Users/kai/KAA/my_profile/frontend/node_modules/@img/sharp-linux-x64'
284 silly reify ]
285 verbose reify failed optional dependency /Users/kai/KAA/my_profile/frontend/node_modules/@img/sharp-linux-s390x
286 silly reify mark deleted [
286 silly reify   '/Users/kai/KAA/my_profile/frontend/node_modules/@img/sharp-linux-s390x'
286 silly reify ]
287 verbose reify failed optional dependency /Users/kai/KAA/my_profile/frontend/node_modules/@img/sharp-linux-riscv64
288 silly reify mark deleted [
288 silly reify   '/Users/kai/KAA/my_profile/frontend/node_modules/@img/sharp-linux-riscv64'
288 silly reify ]
289 verbose reify failed optional dependency /Users/kai/KAA/my_profile/frontend/node_modules/@img/sharp-linux-arm64
290 silly reify mark deleted [
290 silly reify   '/Users/kai/KAA/my_profile/frontend/node_modules/@img/sharp-linux-arm64'
290 silly reify ]
291 verbose reify failed optional dependency /Users/kai/KAA/my_profile/frontend/node_modules/@img/sharp-linux-arm
292 silly reify mark deleted [
292 silly reify   '/Users/kai/KAA/my_profile/frontend/node_modules/@img/sharp-linux-arm'
292 silly reify ]
293 verbose reify failed optional dependency /Users/kai/KAA/my_profile/frontend/node_modules/@img/sharp-libvips-linuxmusl-x64
294 silly reify mark deleted [
294 silly reify   '/Users/kai/KAA/my_profile/frontend/node_modules/@img/sharp-libvips-linuxmusl-x64'
294 silly reify ]
295 verbose reify failed optional dependency /Users/kai/KAA/my_profile/frontend/node_modules/@img/sharp-libvips-linuxmusl-arm64
296 silly reify mark deleted [
296 silly reify   '/Users/kai/KAA/my_profile/frontend/node_modules/@img/sharp-libvips-linuxmusl-arm64'
296 silly reify ]
297 verbose reify failed optional dependency /Users/kai/KAA/my_profile/frontend/node_modules/@img/sharp-libvips-linux-x64
298 silly reify mark deleted [
298 silly reify   '/Users/kai/KAA/my_profile/frontend/node_modules/@img/sharp-libvips-linux-x64'
298 silly reify ]
299 verbose reify failed optional dependency /Users/kai/KAA/my_profile/frontend/node_modules/@img/sharp-libvips-linux-s390x
300 silly reify mark deleted [
300 silly reify   '/Users/kai/KAA/my_profile/frontend/node_modules/@img/sharp-libvips-linux-s390x'
300 silly reify ]
301 verbose reify failed optional dependency /Users/kai/KAA/my_profile/frontend/node_modules/@img/sharp-libvips-linux-riscv64
302 silly reify mark deleted [
302 silly reify   '/Users/kai/KAA/my_profile/frontend/node_modules/@img/sharp-libvips-linux-riscv64'
302 silly reify ]
303 verbose reify failed optional dependency /Users/kai/KAA/my_profile/frontend/node_modules/@img/sharp-libvips-linux-ppc64
304 silly reify mark deleted [
304 silly reify   '/Users/kai/KAA/my_profile/frontend/node_modules/@img/sharp-libvips-linux-ppc64'
304 silly reify ]
305 verbose reify failed optional dependency /Users/kai/KAA/my_profile/frontend/node_modules/@img/sharp-libvips-linux-arm64
306 silly reify mark deleted [
306 silly reify   '/Users/kai/KAA/my_profile/frontend/node_modules/@img/sharp-libvips-linux-arm64'
306 silly reify ]
307 verbose reify failed optional dependency /Users/kai/KAA/my_profile/frontend/node_modules/@img/sharp-libvips-linux-arm
308 silly reify mark deleted [
308 silly reify   '/Users/kai/KAA/my_profile/frontend/node_modules/@img/sharp-libvips-linux-arm'
308 silly reify ]
309 verbose reify failed optional dependency /Users/kai/KAA/my_profile/frontend/node_modules/@img/sharp-libvips-darwin-x64
310 silly reify mark deleted [
310 silly reify   '/Users/kai/KAA/my_profile/frontend/node_modules/@img/sharp-libvips-darwin-x64'
310 silly reify ]
311 verbose reify failed optional dependency /Users/kai/KAA/my_profile/frontend/node_modules/@img/sharp-darwin-x64
312 silly reify mark deleted [
312 silly reify   '/Users/kai/KAA/my_profile/frontend/node_modules/@img/sharp-darwin-x64'
312 silly reify ]
313 silly tarball no local data for @tailwindcss/oxide-darwin-arm64@https://registry.npmjs.org/@tailwindcss/oxide-darwin-arm64/-/oxide-darwin-arm64-4.1.18.tgz. Extracting by manifest.
314 silly tarball no local data for @jridgewell/resolve-uri@https://registry.npmjs.org/@jridgewell/resolve-uri/-/resolve-uri-3.1.2.tgz. Extracting by manifest.
315 silly tarball no local data for lightningcss-darwin-arm64@https://registry.npmjs.org/lightningcss-darwin-arm64/-/lightningcss-darwin-arm64-1.30.2.tgz. Extracting by manifest.
316 silly tarball no local data for tapable@https://registry.npmjs.org/tapable/-/tapable-2.3.0.tgz. Extracting by manifest.
317 silly tarball no local data for graceful-fs@https://registry.npmjs.org/graceful-fs/-/graceful-fs-4.2.11.tgz. Extracting by manifest.
318 silly tarball no local data for @jridgewell/sourcemap-codec@https://registry.npmjs.org/@jridgewell/sourcemap-codec/-/sourcemap-codec-1.5.5.tgz. Extracting by manifest.
319 silly tarball no local data for @jridgewell/trace-mapping@https://registry.npmjs.org/@jridgewell/trace-mapping/-/trace-mapping-0.3.31.tgz. Extracting by manifest.
320 silly tarball no local data for @jridgewell/gen-mapping@https://registry.npmjs.org/@jridgewell/gen-mapping/-/gen-mapping-0.3.13.tgz. Extracting by manifest.
321 silly tarball no local data for magic-string@https://registry.npmjs.org/magic-string/-/magic-string-0.30.21.tgz. Extracting by manifest.
322 silly tarball no local data for lightningcss@https://registry.npmjs.org/lightningcss/-/lightningcss-1.30.2.tgz. Extracting by manifest.
323 silly tarball no local data for enhanced-resolve@https://registry.npmjs.org/enhanced-resolve/-/enhanced-resolve-5.18.4.tgz. Extracting by manifest.
324 silly tarball no local data for @jridgewell/remapping@https://registry.npmjs.org/@jridgewell/remapping/-/remapping-2.3.5.tgz. Extracting by manifest.
325 silly tarball no local data for @tailwindcss/node@https://registry.npmjs.org/@tailwindcss/node/-/node-4.1.18.tgz. Extracting by manifest.
326 silly tarball no local data for @alloc/quick-lru@https://registry.npmjs.org/@alloc/quick-lru/-/quick-lru-5.2.0.tgz. Extracting by manifest.
327 silly tarball no local data for @tailwindcss/oxide@https://registry.npmjs.org/@tailwindcss/oxide/-/oxide-4.1.18.tgz. Extracting by manifest.
328 silly tarball no local data for @tailwindcss/postcss@https://registry.npmjs.org/@tailwindcss/postcss/-/postcss-4.1.18.tgz. Extracting by manifest.
329 silly tarball no local data for jiti@https://registry.npmjs.org/jiti/-/jiti-2.6.1.tgz. Extracting by manifest.
330 http fetch GET 200 https://registry.npmjs.org/tapable/-/tapable-2.3.0.tgz 88ms (cache miss)
331 http fetch GET 200 https://registry.npmjs.org/graceful-fs/-/graceful-fs-4.2.11.tgz 93ms (cache miss)
332 http fetch GET 200 https://registry.npmjs.org/magic-string/-/magic-string-0.30.21.tgz 140ms (cache miss)
333 http fetch GET 200 https://registry.npmjs.org/enhanced-resolve/-/enhanced-resolve-5.18.4.tgz 156ms (cache miss)
334 http fetch GET 200 https://registry.npmjs.org/lightningcss/-/lightningcss-1.30.2.tgz 157ms (cache miss)
335 http fetch GET 200 https://registry.npmjs.org/@jridgewell/resolve-uri/-/resolve-uri-3.1.2.tgz 287ms (cache miss)
336 http fetch POST 200 https://registry.npmjs.org/-/npm/v1/security/advisories/bulk 344ms
337 silly audit report {}
338 http fetch GET 200 https://registry.npmjs.org/@jridgewell/sourcemap-codec/-/sourcemap-codec-1.5.5.tgz 332ms (cache miss)
339 http fetch GET 200 https://registry.npmjs.org/@jridgewell/gen-mapping/-/gen-mapping-0.3.13.tgz 335ms (cache miss)
340 http fetch GET 200 https://registry.npmjs.org/@tailwindcss/oxide/-/oxide-4.1.18.tgz 336ms (cache miss)
341 http fetch GET 200 https://registry.npmjs.org/@tailwindcss/postcss/-/postcss-4.1.18.tgz 339ms (cache miss)
342 http fetch GET 200 https://registry.npmjs.org/@jridgewell/remapping/-/remapping-2.3.5.tgz 357ms (cache miss)
343 http fetch GET 200 https://registry.npmjs.org/@alloc/quick-lru/-/quick-lru-5.2.0.tgz 367ms (cache miss)
344 http fetch GET 200 https://registry.npmjs.org/@tailwindcss/node/-/node-4.1.18.tgz 369ms (cache miss)
345 http fetch GET 200 https://registry.npmjs.org/jiti/-/jiti-2.6.1.tgz 373ms (cache miss)
346 http fetch GET 200 https://registry.npmjs.org/lightningcss-darwin-arm64/-/lightningcss-darwin-arm64-1.30.2.tgz 433ms (cache miss)
347 http fetch GET 200 https://registry.npmjs.org/@jridgewell/trace-mapping/-/trace-mapping-0.3.31.tgz 532ms (cache miss)
348 http fetch GET 200 https://registry.npmjs.org/@tailwindcss/oxide-darwin-arm64/-/oxide-darwin-arm64-4.1.18.tgz 810ms (cache miss)
349 silly ADD
350 silly ADD
351 silly ADD
352 silly ADD
353 silly ADD
354 silly ADD
355 silly ADD
356 silly ADD
357 silly ADD
358 silly ADD node_modules/lightningcss-darwin-arm64
359 silly ADD
360 silly ADD node_modules/tapable
361 silly ADD node_modules/graceful-fs
362 silly ADD
363 silly ADD
364 silly ADD
365 silly ADD
366 silly ADD
367 silly ADD
368 silly ADD
369 silly ADD
370 silly ADD
371 silly ADD
372 silly ADD node_modules/@tailwindcss/oxide-darwin-arm64
373 silly ADD
374 silly ADD node_modules/@jridgewell/resolve-uri
375 silly ADD node_modules/@jridgewell/sourcemap-codec
376 silly ADD node_modules/@jridgewell/trace-mapping
377 silly ADD node_modules/@jridgewell/gen-mapping
378 silly ADD node_modules/magic-string
379 silly ADD node_modules/lightningcss
380 silly ADD node_modules/jiti
381 silly ADD node_modules/enhanced-resolve
382 silly ADD node_modules/@jridgewell/remapping
383 silly ADD node_modules/@tailwindcss/oxide
384 silly ADD node_modules/@tailwindcss/node
385 silly ADD node_modules/@alloc/quick-lru
386 silly ADD node_modules/@tailwindcss/postcss
387 silly ADD
388 silly ADD
389 silly ADD
390 silly ADD
391 silly ADD
392 silly ADD
393 silly ADD
394 silly ADD
395 silly ADD
396 silly ADD
397 silly ADD
398 silly ADD
399 silly ADD
400 silly ADD
401 silly ADD
402 silly ADD
403 silly ADD
404 silly ADD
405 silly ADD
406 silly ADD
407 silly ADD
408 silly ADD
409 silly ADD
410 silly ADD
411 silly ADD
412 silly ADD
413 silly ADD
414 silly ADD
415 silly ADD node_modules/@emnapi/runtime
416 verbose cwd /Users/kai/KAA/my_profile/frontend
417 verbose os Darwin 24.6.0
418 verbose node v20.19.1
419 verbose npm  v10.8.2
420 verbose exit 0
421 info ok
